2025-07-08 03:41:59,556 - app.main - INFO - Starting up Lunance Backend...
2025-07-08 03:41:59,556 - app.config.database - INFO - Connecting to MongoDB...
2025-07-08 03:41:59,654 - app.config.database - INFO - Successfully connected to MongoDB!
2025-07-08 03:41:59,654 - app.config.database - INFO - Creating database indexes...
2025-07-08 03:41:59,783 - app.config.database - INFO - Database indexes created successfully!
2025-07-08 03:41:59,783 - app.main - INFO - Application startup complete!
2025-07-08 03:42:12,298 - app.main - INFO - Shutting down Lunance Backend...
2025-07-08 03:42:12,299 - app.config.database - INFO - Closing MongoDB connection...
2025-07-08 03:42:12,308 - app.config.database - INFO - MongoDB connection closed.
2025-07-08 03:42:12,309 - app.main - INFO - Application shutdown complete!
2025-07-08 04:40:58,127 - app.config.database - INFO - Connecting to MongoDB...
2025-07-08 04:40:58,159 - app.config.database - INFO - Successfully connected to MongoDB!
2025-07-08 04:40:58,159 - app.config.database - INFO - Creating database indexes...
2025-07-08 04:40:58,167 - app.config.database - INFO - Database indexes created successfully!
2025-07-08 04:40:58,193 - app.config.database_indexes - INFO - Creating database indexes...
2025-07-08 04:40:58,234 - app.config.database_indexes - INFO - User indexes created successfully
2025-07-08 04:40:58,265 - app.config.database_indexes - INFO - University indexes created successfully
2025-07-08 04:40:58,304 - app.config.database_indexes - INFO - Category indexes created successfully
2025-07-08 04:40:58,354 - app.config.database_indexes - INFO - Transaction indexes created successfully
2025-07-08 04:40:58,402 - app.config.database_indexes - INFO - Savings target indexes created successfully
2025-07-08 04:40:58,437 - app.config.database_indexes - INFO - University request indexes created successfully
2025-07-08 04:40:58,482 - app.config.database_indexes - ERROR - Error creating indexes: Index: { v: 2, key: { expires_at: 1 }, name: "otp_expiry_ttl", ns: "lunance_db.otp_verifications", expireAfterSeconds: 3600 } already exists with different options: { v: 2, key: { expires_at: 1 }, name: "expires_at_asc", ns: "lunance_db.otp_verifications" }, full error: {'ok': 0.0, 'errmsg': 'Index: { v: 2, key: { expires_at: 1 }, name: "otp_expiry_ttl", ns: "lunance_db.otp_verifications", expireAfterSeconds: 3600 } already exists with different options: { v: 2, key: { expires_at: 1 }, name: "expires_at_asc", ns: "lunance_db.otp_verifications" }', 'code': 85, 'codeName': 'IndexOptionsConflict'}
2025-07-08 04:41:05,467 - app.config.database - INFO - Connecting to MongoDB...
2025-07-08 04:41:05,497 - app.config.database - INFO - Successfully connected to MongoDB!
2025-07-08 04:41:05,497 - app.config.database - INFO - Creating database indexes...
2025-07-08 04:41:05,504 - app.config.database - INFO - Database indexes created successfully!
2025-07-08 04:41:05,512 - app.config.database_indexes - INFO - Creating database indexes...
2025-07-08 04:41:05,513 - app.config.database_indexes - INFO - User indexes created successfully
2025-07-08 04:41:05,514 - app.config.database_indexes - INFO - University indexes created successfully
2025-07-08 04:41:05,515 - app.config.database_indexes - INFO - Category indexes created successfully
2025-07-08 04:41:05,516 - app.config.database_indexes - INFO - Transaction indexes created successfully
2025-07-08 04:41:05,516 - app.config.database_indexes - INFO - Savings target indexes created successfully
2025-07-08 04:41:05,517 - app.config.database_indexes - INFO - University request indexes created successfully
2025-07-08 04:41:05,549 - app.config.database_indexes - ERROR - Error creating indexes: Index: { v: 2, key: { expires_at: 1 }, name: "otp_expiry_ttl", ns: "lunance_db.otp_verifications", expireAfterSeconds: 3600 } already exists with different options: { v: 2, key: { expires_at: 1 }, name: "expires_at_asc", ns: "lunance_db.otp_verifications" }, full error: {'ok': 0.0, 'errmsg': 'Index: { v: 2, key: { expires_at: 1 }, name: "otp_expiry_ttl", ns: "lunance_db.otp_verifications", expireAfterSeconds: 3600 } already exists with different options: { v: 2, key: { expires_at: 1 }, name: "expires_at_asc", ns: "lunance_db.otp_verifications" }', 'code': 85, 'codeName': 'IndexOptionsConflict'}
2025-07-08 04:42:23,809 - app.config.database - INFO - Connecting to MongoDB...
2025-07-08 04:42:23,837 - app.config.database - INFO - Successfully connected to MongoDB!
2025-07-08 04:42:23,838 - app.config.database - INFO - Creating database indexes...
2025-07-08 04:42:23,844 - app.config.database - INFO - Database indexes created successfully!
2025-07-08 04:42:23,862 - app.config.database_indexes - INFO - Creating database indexes...
2025-07-08 04:42:23,863 - app.config.database_indexes - INFO - User indexes created successfully
2025-07-08 04:42:23,864 - app.config.database_indexes - INFO - University indexes created successfully
2025-07-08 04:42:23,865 - app.config.database_indexes - INFO - Category indexes created successfully
2025-07-08 04:42:23,866 - app.config.database_indexes - INFO - Transaction indexes created successfully
2025-07-08 04:42:23,867 - app.config.database_indexes - INFO - Savings target indexes created successfully
2025-07-08 04:42:23,868 - app.config.database_indexes - INFO - University request indexes created successfully
2025-07-08 04:42:23,903 - app.config.database_indexes - ERROR - Error creating indexes: Index: { v: 2, key: { expires_at: 1 }, name: "otp_expiry_ttl", ns: "lunance_db.otp_verifications", expireAfterSeconds: 3600 } already exists with different options: { v: 2, key: { expires_at: 1 }, name: "expires_at_asc", ns: "lunance_db.otp_verifications" }, full error: {'ok': 0.0, 'errmsg': 'Index: { v: 2, key: { expires_at: 1 }, name: "otp_expiry_ttl", ns: "lunance_db.otp_verifications", expireAfterSeconds: 3600 } already exists with different options: { v: 2, key: { expires_at: 1 }, name: "expires_at_asc", ns: "lunance_db.otp_verifications" }', 'code': 85, 'codeName': 'IndexOptionsConflict'}
2025-07-08 04:44:10,218 - app.config.database - INFO - Connecting to MongoDB...
2025-07-08 04:44:10,265 - app.config.database - INFO - Successfully connected to MongoDB!
2025-07-08 04:44:10,266 - app.config.database - INFO - Creating database indexes...
2025-07-08 04:44:10,369 - app.config.database - INFO - Database indexes created successfully!
2025-07-08 04:44:10,374 - app.config.database_indexes - INFO - Creating database indexes...
2025-07-08 04:44:10,420 - app.config.database_indexes - INFO - User indexes created successfully
2025-07-08 04:44:10,453 - app.config.database_indexes - INFO - University indexes created successfully
2025-07-08 04:44:10,489 - app.config.database_indexes - INFO - Category indexes created successfully
2025-07-08 04:44:10,541 - app.config.database_indexes - INFO - Transaction indexes created successfully
2025-07-08 04:44:10,587 - app.config.database_indexes - INFO - Savings target indexes created successfully
2025-07-08 04:44:10,681 - app.config.database_indexes - INFO - University request indexes created successfully
2025-07-08 04:44:10,710 - app.config.database_indexes - ERROR - Error creating indexes: Index: { v: 2, key: { expires_at: 1 }, name: "otp_expiry_ttl", ns: "lunance_db.otp_verifications", expireAfterSeconds: 3600 } already exists with different options: { v: 2, key: { expires_at: 1 }, name: "expires_at_asc", ns: "lunance_db.otp_verifications" }, full error: {'ok': 0.0, 'errmsg': 'Index: { v: 2, key: { expires_at: 1 }, name: "otp_expiry_ttl", ns: "lunance_db.otp_verifications", expireAfterSeconds: 3600 } already exists with different options: { v: 2, key: { expires_at: 1 }, name: "expires_at_asc", ns: "lunance_db.otp_verifications" }', 'code': 85, 'codeName': 'IndexOptionsConflict'}
2025-07-08 04:46:06,214 - app.config.database - INFO - Connecting to MongoDB...
2025-07-08 04:46:06,235 - app.config.database - INFO - Successfully connected to MongoDB!
2025-07-08 04:46:06,235 - app.config.database - INFO - Creating database indexes...
2025-07-08 04:46:06,240 - app.config.database - INFO - Database indexes created successfully!
2025-07-08 04:46:06,254 - app.config.database_indexes - INFO - Creating database indexes...
2025-07-08 04:46:06,258 - app.config.database_indexes - INFO - User indexes created successfully
2025-07-08 04:46:06,260 - app.config.database_indexes - INFO - University indexes created successfully
2025-07-08 04:46:06,264 - app.config.database_indexes - INFO - Category indexes created successfully
2025-07-08 04:46:06,270 - app.config.database_indexes - INFO - Transaction indexes created successfully
2025-07-08 04:46:06,274 - app.config.database_indexes - INFO - Savings target indexes created successfully
2025-07-08 04:46:06,277 - app.config.database_indexes - INFO - University request indexes created successfully
2025-07-08 04:46:06,314 - app.config.database_indexes - INFO - OTP verification indexes created successfully
2025-07-08 04:46:06,315 - app.config.database_indexes - INFO - All database indexes created successfully!
2025-07-08 04:51:05,560 - app.config.database - INFO - Closing MongoDB connection...
2025-07-08 04:51:05,562 - app.config.database - INFO - MongoDB connection closed.
2025-07-08 04:51:07,079 - app.config.database - INFO - Connecting to MongoDB...
2025-07-08 04:51:07,089 - app.config.database - INFO - Successfully connected to MongoDB!
2025-07-08 04:51:07,089 - app.config.database - INFO - Creating database indexes...
2025-07-08 04:51:07,097 - app.config.database - INFO - Database indexes created successfully!
2025-07-08 04:51:07,106 - app.config.database_indexes - INFO - Creating database indexes...
2025-07-08 04:51:07,112 - app.config.database_indexes - INFO - User indexes created successfully
2025-07-08 04:51:07,115 - app.config.database_indexes - INFO - University indexes created successfully
2025-07-08 04:51:07,119 - app.config.database_indexes - INFO - Category indexes created successfully
2025-07-08 04:51:07,126 - app.config.database_indexes - INFO - Transaction indexes created successfully
2025-07-08 04:51:07,130 - app.config.database_indexes - INFO - Savings target indexes created successfully
2025-07-08 04:51:07,134 - app.config.database_indexes - INFO - University request indexes created successfully
2025-07-08 04:51:07,139 - app.config.database_indexes - INFO - OTP verification indexes created successfully
2025-07-08 04:51:07,139 - app.config.database_indexes - INFO - All database indexes created successfully!
2025-07-08 04:51:28,431 - app.config.database - INFO - Closing MongoDB connection...
2025-07-08 04:51:28,432 - app.config.database - INFO - MongoDB connection closed.
2025-07-08 04:52:38,140 - app.config.database - INFO - Connecting to MongoDB...
2025-07-08 04:52:38,169 - app.config.database - INFO - Successfully connected to MongoDB!
2025-07-08 04:52:38,169 - app.config.database - INFO - Creating database indexes...
2025-07-08 04:52:38,176 - app.config.database - INFO - Database indexes created successfully!
2025-07-08 04:52:38,197 - app.config.database_indexes - INFO - Creating database indexes...
2025-07-08 04:52:38,204 - app.config.database_indexes - INFO - User indexes created successfully
2025-07-08 04:52:38,208 - app.config.database_indexes - INFO - University indexes created successfully
2025-07-08 04:52:38,210 - app.config.database_indexes - INFO - Category indexes created successfully
2025-07-08 04:52:38,217 - app.config.database_indexes - INFO - Transaction indexes created successfully
2025-07-08 04:52:38,222 - app.config.database_indexes - INFO - Savings target indexes created successfully
2025-07-08 04:52:38,225 - app.config.database_indexes - INFO - University request indexes created successfully
2025-07-08 04:52:38,229 - app.config.database_indexes - INFO - OTP verification indexes created successfully
2025-07-08 04:52:38,229 - app.config.database_indexes - INFO - All database indexes created successfully!
2025-07-08 04:57:37,567 - app.config.database - INFO - Closing MongoDB connection...
2025-07-08 04:57:37,568 - app.config.database - INFO - MongoDB connection closed.
2025-07-08 04:57:38,838 - app.config.database - INFO - Connecting to MongoDB...
2025-07-08 04:57:38,857 - app.config.database - INFO - Successfully connected to MongoDB!
2025-07-08 04:57:38,857 - app.config.database - INFO - Creating database indexes...
2025-07-08 04:57:38,863 - app.config.database - INFO - Database indexes created successfully!
2025-07-08 04:57:38,876 - app.config.database_indexes - INFO - Creating database indexes...
2025-07-08 04:57:38,880 - app.config.database_indexes - INFO - User indexes created successfully
2025-07-08 04:57:38,883 - app.config.database_indexes - INFO - University indexes created successfully
2025-07-08 04:57:38,885 - app.config.database_indexes - INFO - Category indexes created successfully
2025-07-08 04:57:38,892 - app.config.database_indexes - INFO - Transaction indexes created successfully
2025-07-08 04:57:38,896 - app.config.database_indexes - INFO - Savings target indexes created successfully
2025-07-08 04:57:38,899 - app.config.database_indexes - INFO - University request indexes created successfully
2025-07-08 04:57:38,903 - app.config.database_indexes - INFO - OTP verification indexes created successfully
2025-07-08 04:57:38,903 - app.config.database_indexes - INFO - All database indexes created successfully!
2025-07-08 04:59:52,680 - app.config.database - INFO - Closing MongoDB connection...
2025-07-08 04:59:52,680 - app.config.database - INFO - MongoDB connection closed.
2025-07-08 04:59:53,909 - app.config.database - INFO - Connecting to MongoDB...
2025-07-08 04:59:53,952 - app.config.database - INFO - Successfully connected to MongoDB!
2025-07-08 04:59:53,952 - app.config.database - INFO - Creating database indexes...
2025-07-08 04:59:53,958 - app.config.database - INFO - Database indexes created successfully!
2025-07-08 04:59:53,974 - app.config.database_indexes - INFO - Creating database indexes...
2025-07-08 04:59:53,979 - app.config.database_indexes - INFO - User indexes created successfully
2025-07-08 04:59:53,982 - app.config.database_indexes - INFO - University indexes created successfully
2025-07-08 04:59:53,985 - app.config.database_indexes - INFO - Category indexes created successfully
2025-07-08 04:59:53,990 - app.config.database_indexes - INFO - Transaction indexes created successfully
2025-07-08 04:59:53,994 - app.config.database_indexes - INFO - Savings target indexes created successfully
2025-07-08 04:59:53,997 - app.config.database_indexes - INFO - University request indexes created successfully
2025-07-08 04:59:54,000 - app.config.database_indexes - INFO - OTP verification indexes created successfully
2025-07-08 04:59:54,000 - app.config.database_indexes - INFO - All database indexes created successfully!
2025-07-08 05:04:53,271 - app.config.database - INFO - Closing MongoDB connection...
2025-07-08 05:04:53,272 - app.config.database - INFO - MongoDB connection closed.
2025-07-08 05:04:54,552 - app.config.database - INFO - Connecting to MongoDB...
2025-07-08 05:04:54,598 - app.config.database - INFO - Successfully connected to MongoDB!
2025-07-08 05:04:54,598 - app.config.database - INFO - Creating database indexes...
2025-07-08 05:04:54,604 - app.config.database - INFO - Database indexes created successfully!
2025-07-08 05:04:54,619 - app.config.database_indexes - INFO - Creating database indexes...
2025-07-08 05:04:54,623 - app.config.database_indexes - INFO - User indexes created successfully
2025-07-08 05:04:54,625 - app.config.database_indexes - INFO - University indexes created successfully
2025-07-08 05:04:54,627 - app.config.database_indexes - INFO - Category indexes created successfully
2025-07-08 05:04:54,633 - app.config.database_indexes - INFO - Transaction indexes created successfully
2025-07-08 05:04:54,636 - app.config.database_indexes - INFO - Savings target indexes created successfully
2025-07-08 05:04:54,639 - app.config.database_indexes - INFO - University request indexes created successfully
2025-07-08 05:04:54,642 - app.config.database_indexes - INFO - OTP verification indexes created successfully
2025-07-08 05:04:54,642 - app.config.database_indexes - INFO - All database indexes created successfully!
2025-07-08 05:14:53,971 - app.config.database - INFO - Closing MongoDB connection...
2025-07-08 05:14:53,972 - app.config.database - INFO - MongoDB connection closed.
2025-07-08 05:14:55,008 - app.config.database - INFO - Connecting to MongoDB...
2025-07-08 05:14:55,052 - app.config.database - INFO - Successfully connected to MongoDB!
2025-07-08 05:14:55,053 - app.config.database - INFO - Creating database indexes...
2025-07-08 05:14:55,059 - app.config.database - INFO - Database indexes created successfully!
2025-07-08 05:14:55,074 - app.config.database_indexes - INFO - Creating database indexes...
2025-07-08 05:14:55,079 - app.config.database_indexes - INFO - User indexes created successfully
2025-07-08 05:14:55,081 - app.config.database_indexes - INFO - University indexes created successfully
2025-07-08 05:14:55,085 - app.config.database_indexes - INFO - Category indexes created successfully
2025-07-08 05:14:55,089 - app.config.database_indexes - INFO - Transaction indexes created successfully
2025-07-08 05:14:55,093 - app.config.database_indexes - INFO - Savings target indexes created successfully
2025-07-08 05:14:55,095 - app.config.database_indexes - INFO - University request indexes created successfully
2025-07-08 05:14:55,099 - app.config.database_indexes - INFO - OTP verification indexes created successfully
2025-07-08 05:14:55,099 - app.config.database_indexes - INFO - All database indexes created successfully!
2025-07-08 05:19:54,496 - app.config.database - INFO - Closing MongoDB connection...
2025-07-08 05:19:54,498 - app.config.database - INFO - MongoDB connection closed.
2025-07-08 05:19:55,851 - app.config.database - INFO - Connecting to MongoDB...
2025-07-08 05:19:55,871 - app.config.database - INFO - Successfully connected to MongoDB!
2025-07-08 05:19:55,872 - app.config.database - INFO - Creating database indexes...
2025-07-08 05:19:55,878 - app.config.database - INFO - Database indexes created successfully!
2025-07-08 05:19:55,894 - app.config.database_indexes - INFO - Creating database indexes...
2025-07-08 05:19:55,898 - app.config.database_indexes - INFO - User indexes created successfully
2025-07-08 05:19:55,900 - app.config.database_indexes - INFO - University indexes created successfully
2025-07-08 05:19:55,904 - app.config.database_indexes - INFO - Category indexes created successfully
2025-07-08 05:19:55,910 - app.config.database_indexes - INFO - Transaction indexes created successfully
2025-07-08 05:19:55,914 - app.config.database_indexes - INFO - Savings target indexes created successfully
2025-07-08 05:19:55,917 - app.config.database_indexes - INFO - University request indexes created successfully
2025-07-08 05:19:55,921 - app.config.database_indexes - INFO - OTP verification indexes created successfully
2025-07-08 05:19:55,921 - app.config.database_indexes - INFO - All database indexes created successfully!
2025-07-08 05:24:55,307 - app.config.database - INFO - Closing MongoDB connection...
2025-07-08 05:24:55,310 - app.config.database - INFO - MongoDB connection closed.
2025-07-08 05:25:31,837 - app.config.database - INFO - Connecting to MongoDB...
2025-07-08 05:25:31,857 - app.config.database - INFO - Successfully connected to MongoDB!
2025-07-08 05:25:31,857 - app.config.database - INFO - Creating database indexes...
2025-07-08 05:25:31,866 - app.config.database - INFO - Database indexes created successfully!
2025-07-08 05:25:31,875 - app.config.database_indexes - INFO - Creating database indexes...
2025-07-08 05:25:31,880 - app.config.database_indexes - INFO - User indexes created successfully
2025-07-08 05:25:31,884 - app.config.database_indexes - INFO - University indexes created successfully
2025-07-08 05:25:31,887 - app.config.database_indexes - INFO - Category indexes created successfully
2025-07-08 05:25:31,894 - app.config.database_indexes - INFO - Transaction indexes created successfully
2025-07-08 05:25:31,898 - app.config.database_indexes - INFO - Savings target indexes created successfully
2025-07-08 05:25:31,901 - app.config.database_indexes - INFO - University request indexes created successfully
2025-07-08 05:25:31,906 - app.config.database_indexes - INFO - OTP verification indexes created successfully
2025-07-08 05:25:31,907 - app.config.database_indexes - INFO - All database indexes created successfully!
2025-07-08 10:15:07,852 - app.config.database - INFO - Connecting to MongoDB...
2025-07-08 10:15:08,008 - app.config.database - INFO - Successfully connected to MongoDB!
2025-07-08 10:15:08,008 - app.config.database - INFO - Creating database indexes...
2025-07-08 10:15:08,016 - app.config.database - INFO - Database indexes created successfully!
2025-07-08 10:15:08,049 - app.config.database_indexes - INFO - Creating database indexes...
2025-07-08 10:15:08,056 - app.config.database_indexes - INFO - User indexes created successfully
2025-07-08 10:15:08,059 - app.config.database_indexes - INFO - University indexes created successfully
2025-07-08 10:15:08,062 - app.config.database_indexes - INFO - Category indexes created successfully
2025-07-08 10:15:08,068 - app.config.database_indexes - INFO - Transaction indexes created successfully
2025-07-08 10:15:08,072 - app.config.database_indexes - INFO - Savings target indexes created successfully
2025-07-08 10:15:08,076 - app.config.database_indexes - INFO - University request indexes created successfully
2025-07-08 10:15:08,080 - app.config.database_indexes - INFO - OTP verification indexes created successfully
2025-07-08 10:15:08,080 - app.config.database_indexes - INFO - All database indexes created successfully!
2025-07-08 10:15:20,377 - app.main - ERROR - Unexpected error: PyObjectId.__get_pydantic_json_schema__() takes 2 positional arguments but 3 were given
Traceback (most recent call last):
  File "D:\kuliah\semester 6\Tugas Akhir\aplikasi\lunance\backend\venv\Lib\site-packages\anyio\streams\memory.py", line 98, in receive
    return self.receive_nowait()
           ^^^^^^^^^^^^^^^^^^^^^
  File "D:\kuliah\semester 6\Tugas Akhir\aplikasi\lunance\backend\venv\Lib\site-packages\anyio\streams\memory.py", line 93, in receive_nowait
    raise WouldBlock
anyio.WouldBlock

During handling of the above exception, another exception occurred:

Traceback (most recent call last):
  File "D:\kuliah\semester 6\Tugas Akhir\aplikasi\lunance\backend\venv\Lib\site-packages\starlette\middleware\base.py", line 78, in call_next
    message = await recv_stream.receive()
              ^^^^^^^^^^^^^^^^^^^^^^^^^^^
  File "D:\kuliah\semester 6\Tugas Akhir\aplikasi\lunance\backend\venv\Lib\site-packages\anyio\streams\memory.py", line 118, in receive
    raise EndOfStream
anyio.EndOfStream

During handling of the above exception, another exception occurred:

Traceback (most recent call last):
  File "D:\kuliah\semester 6\Tugas Akhir\aplikasi\lunance\backend\venv\Lib\site-packages\starlette\middleware\errors.py", line 162, in __call__
    await self.app(scope, receive, _send)
  File "D:\kuliah\semester 6\Tugas Akhir\aplikasi\lunance\backend\venv\Lib\site-packages\starlette\middleware\base.py", line 108, in __call__
    response = await self.dispatch_func(request, call_next)
               ^^^^^^^^^^^^^^^^^^^^^^^^^^^^^^^^^^^^^^^^^^^^
  File "D:\kuliah\semester 6\Tugas Akhir\aplikasi\lunance\backend\app\main.py", line 92, in add_process_time_header
    response = await call_next(request)
               ^^^^^^^^^^^^^^^^^^^^^^^^
  File "D:\kuliah\semester 6\Tugas Akhir\aplikasi\lunance\backend\venv\Lib\site-packages\starlette\middleware\base.py", line 84, in call_next
    raise app_exc
  File "D:\kuliah\semester 6\Tugas Akhir\aplikasi\lunance\backend\venv\Lib\site-packages\starlette\middleware\base.py", line 70, in coro
    await self.app(scope, receive_or_disconnect, send_no_error)
  File "D:\kuliah\semester 6\Tugas Akhir\aplikasi\lunance\backend\venv\Lib\site-packages\starlette\middleware\base.py", line 108, in __call__
    response = await self.dispatch_func(request, call_next)
               ^^^^^^^^^^^^^^^^^^^^^^^^^^^^^^^^^^^^^^^^^^^^
  File "D:\kuliah\semester 6\Tugas Akhir\aplikasi\lunance\backend\app\middleware\auth.py", line 292, in add_security_headers
    response = await call_next(request)
               ^^^^^^^^^^^^^^^^^^^^^^^^
  File "D:\kuliah\semester 6\Tugas Akhir\aplikasi\lunance\backend\venv\Lib\site-packages\starlette\middleware\base.py", line 84, in call_next
    raise app_exc
  File "D:\kuliah\semester 6\Tugas Akhir\aplikasi\lunance\backend\venv\Lib\site-packages\starlette\middleware\base.py", line 70, in coro
    await self.app(scope, receive_or_disconnect, send_no_error)
  File "D:\kuliah\semester 6\Tugas Akhir\aplikasi\lunance\backend\venv\Lib\site-packages\starlette\middleware\cors.py", line 83, in __call__
    await self.app(scope, receive, send)
  File "D:\kuliah\semester 6\Tugas Akhir\aplikasi\lunance\backend\venv\Lib\site-packages\starlette\middleware\exceptions.py", line 79, in __call__
    raise exc
  File "D:\kuliah\semester 6\Tugas Akhir\aplikasi\lunance\backend\venv\Lib\site-packages\starlette\middleware\exceptions.py", line 68, in __call__
    await self.app(scope, receive, sender)
  File "D:\kuliah\semester 6\Tugas Akhir\aplikasi\lunance\backend\venv\Lib\site-packages\fastapi\middleware\asyncexitstack.py", line 20, in __call__
    raise e
  File "D:\kuliah\semester 6\Tugas Akhir\aplikasi\lunance\backend\venv\Lib\site-packages\fastapi\middleware\asyncexitstack.py", line 17, in __call__
    await self.app(scope, receive, send)
  File "D:\kuliah\semester 6\Tugas Akhir\aplikasi\lunance\backend\venv\Lib\site-packages\starlette\routing.py", line 718, in __call__
    await route.handle(scope, receive, send)
  File "D:\kuliah\semester 6\Tugas Akhir\aplikasi\lunance\backend\venv\Lib\site-packages\starlette\routing.py", line 276, in handle
    await self.app(scope, receive, send)
  File "D:\kuliah\semester 6\Tugas Akhir\aplikasi\lunance\backend\venv\Lib\site-packages\starlette\routing.py", line 66, in app
    response = await func(request)
               ^^^^^^^^^^^^^^^^^^^
  File "D:\kuliah\semester 6\Tugas Akhir\aplikasi\lunance\backend\venv\Lib\site-packages\fastapi\applications.py", line 1061, in openapi
    return JSONResponse(self.openapi())
                        ^^^^^^^^^^^^^^
  File "D:\kuliah\semester 6\Tugas Akhir\aplikasi\lunance\backend\venv\Lib\site-packages\fastapi\applications.py", line 1033, in openapi
    self.openapi_schema = get_openapi(
                          ^^^^^^^^^^^^
  File "D:\kuliah\semester 6\Tugas Akhir\aplikasi\lunance\backend\venv\Lib\site-packages\fastapi\openapi\utils.py", line 475, in get_openapi
    field_mapping, definitions = get_definitions(
                                 ^^^^^^^^^^^^^^^^
  File "D:\kuliah\semester 6\Tugas Akhir\aplikasi\lunance\backend\venv\Lib\site-packages\fastapi\_compat.py", line 227, in get_definitions
    field_mapping, definitions = schema_generator.generate_definitions(
                                 ^^^^^^^^^^^^^^^^^^^^^^^^^^^^^^^^^^^^^^
  File "D:\kuliah\semester 6\Tugas Akhir\aplikasi\lunance\backend\venv\Lib\site-packages\pydantic\json_schema.py", line 363, in generate_definitions
    self.generate_inner(schema)
  File "D:\kuliah\semester 6\Tugas Akhir\aplikasi\lunance\backend\venv\Lib\site-packages\pydantic\json_schema.py", line 563, in generate_inner
    json_schema = current_handler(schema)
                  ^^^^^^^^^^^^^^^^^^^^^^^
  File "D:\kuliah\semester 6\Tugas Akhir\aplikasi\lunance\backend\venv\Lib\site-packages\pydantic\_internal\_schema_generation_shared.py", line 37, in __call__
    return self.handler(core_schema)
           ^^^^^^^^^^^^^^^^^^^^^^^^^
  File "D:\kuliah\semester 6\Tugas Akhir\aplikasi\lunance\backend\venv\Lib\site-packages\pydantic\json_schema.py", line 495, in handler_func
    json_schema = generate_for_schema_type(schema_or_field)
                  ^^^^^^^^^^^^^^^^^^^^^^^^^^^^^^^^^^^^^^^^^
  File "D:\kuliah\semester 6\Tugas Akhir\aplikasi\lunance\backend\venv\Lib\site-packages\pydantic\json_schema.py", line 1959, in definitions_schema
    self.generate_inner(definition)
  File "D:\kuliah\semester 6\Tugas Akhir\aplikasi\lunance\backend\venv\Lib\site-packages\pydantic\json_schema.py", line 563, in generate_inner
    json_schema = current_handler(schema)
                  ^^^^^^^^^^^^^^^^^^^^^^^
  File "D:\kuliah\semester 6\Tugas Akhir\aplikasi\lunance\backend\venv\Lib\site-packages\pydantic\_internal\_schema_generation_shared.py", line 37, in __call__
    return self.handler(core_schema)
           ^^^^^^^^^^^^^^^^^^^^^^^^^
  File "D:\kuliah\semester 6\Tugas Akhir\aplikasi\lunance\backend\venv\Lib\site-packages\pydantic\json_schema.py", line 541, in new_handler_func
    json_schema = js_modify_function(schema_or_field, current_handler)
                  ^^^^^^^^^^^^^^^^^^^^^^^^^^^^^^^^^^^^^^^^^^^^^^^^^^^^
  File "D:\kuliah\semester 6\Tugas Akhir\aplikasi\lunance\backend\venv\Lib\site-packages\pydantic\main.py", line 829, in __get_pydantic_json_schema__
    return handler(core_schema)
           ^^^^^^^^^^^^^^^^^^^^
  File "D:\kuliah\semester 6\Tugas Akhir\aplikasi\lunance\backend\venv\Lib\site-packages\pydantic\_internal\_schema_generation_shared.py", line 37, in __call__
    return self.handler(core_schema)
           ^^^^^^^^^^^^^^^^^^^^^^^^^
  File "D:\kuliah\semester 6\Tugas Akhir\aplikasi\lunance\backend\venv\Lib\site-packages\pydantic\json_schema.py", line 495, in handler_func
    json_schema = generate_for_schema_type(schema_or_field)
                  ^^^^^^^^^^^^^^^^^^^^^^^^^^^^^^^^^^^^^^^^^
  File "D:\kuliah\semester 6\Tugas Akhir\aplikasi\lunance\backend\venv\Lib\site-packages\pydantic\json_schema.py", line 1488, in model_schema
    json_schema = self.generate_inner(schema['schema'])
                  ^^^^^^^^^^^^^^^^^^^^^^^^^^^^^^^^^^^^^
  File "D:\kuliah\semester 6\Tugas Akhir\aplikasi\lunance\backend\venv\Lib\site-packages\pydantic\json_schema.py", line 563, in generate_inner
    json_schema = current_handler(schema)
                  ^^^^^^^^^^^^^^^^^^^^^^^
  File "D:\kuliah\semester 6\Tugas Akhir\aplikasi\lunance\backend\venv\Lib\site-packages\pydantic\_internal\_schema_generation_shared.py", line 37, in __call__
    return self.handler(core_schema)
           ^^^^^^^^^^^^^^^^^^^^^^^^^
  File "D:\kuliah\semester 6\Tugas Akhir\aplikasi\lunance\backend\venv\Lib\site-packages\pydantic\json_schema.py", line 495, in handler_func
    json_schema = generate_for_schema_type(schema_or_field)
                  ^^^^^^^^^^^^^^^^^^^^^^^^^^^^^^^^^^^^^^^^^
  File "D:\kuliah\semester 6\Tugas Akhir\aplikasi\lunance\backend\venv\Lib\site-packages\pydantic\json_schema.py", line 1601, in model_fields_schema
    json_schema = self._named_required_fields_schema(named_required_fields)
                  ^^^^^^^^^^^^^^^^^^^^^^^^^^^^^^^^^^^^^^^^^^^^^^^^^^^^^^^^^
  File "D:\kuliah\semester 6\Tugas Akhir\aplikasi\lunance\backend\venv\Lib\site-packages\pydantic\json_schema.py", line 1392, in _named_required_fields_schema
    field_json_schema = self.generate_inner(field).copy()
                        ^^^^^^^^^^^^^^^^^^^^^^^^^^
  File "D:\kuliah\semester 6\Tugas Akhir\aplikasi\lunance\backend\venv\Lib\site-packages\pydantic\json_schema.py", line 563, in generate_inner
    json_schema = current_handler(schema)
                  ^^^^^^^^^^^^^^^^^^^^^^^
  File "D:\kuliah\semester 6\Tugas Akhir\aplikasi\lunance\backend\venv\Lib\site-packages\pydantic\_internal\_schema_generation_shared.py", line 37, in __call__
    return self.handler(core_schema)
           ^^^^^^^^^^^^^^^^^^^^^^^^^
  File "D:\kuliah\semester 6\Tugas Akhir\aplikasi\lunance\backend\venv\Lib\site-packages\pydantic\json_schema.py", line 495, in handler_func
    json_schema = generate_for_schema_type(schema_or_field)
                  ^^^^^^^^^^^^^^^^^^^^^^^^^^^^^^^^^^^^^^^^^
  File "D:\kuliah\semester 6\Tugas Akhir\aplikasi\lunance\backend\venv\Lib\site-packages\pydantic\json_schema.py", line 1460, in model_field_schema
    return self.generate_inner(schema['schema'])
           ^^^^^^^^^^^^^^^^^^^^^^^^^^^^^^^^^^^^^
  File "D:\kuliah\semester 6\Tugas Akhir\aplikasi\lunance\backend\venv\Lib\site-packages\pydantic\json_schema.py", line 563, in generate_inner
    json_schema = current_handler(schema)
                  ^^^^^^^^^^^^^^^^^^^^^^^
  File "D:\kuliah\semester 6\Tugas Akhir\aplikasi\lunance\backend\venv\Lib\site-packages\pydantic\_internal\_schema_generation_shared.py", line 37, in __call__
    return self.handler(core_schema)
           ^^^^^^^^^^^^^^^^^^^^^^^^^
  File "D:\kuliah\semester 6\Tugas Akhir\aplikasi\lunance\backend\venv\Lib\site-packages\pydantic\json_schema.py", line 495, in handler_func
    json_schema = generate_for_schema_type(schema_or_field)
                  ^^^^^^^^^^^^^^^^^^^^^^^^^^^^^^^^^^^^^^^^^
  File "D:\kuliah\semester 6\Tugas Akhir\aplikasi\lunance\backend\venv\Lib\site-packages\pydantic\json_schema.py", line 1109, in default_schema
    json_schema = self.generate_inner(schema['schema'])
                  ^^^^^^^^^^^^^^^^^^^^^^^^^^^^^^^^^^^^^
  File "D:\kuliah\semester 6\Tugas Akhir\aplikasi\lunance\backend\venv\Lib\site-packages\pydantic\json_schema.py", line 563, in generate_inner
    json_schema = current_handler(schema)
                  ^^^^^^^^^^^^^^^^^^^^^^^
  File "D:\kuliah\semester 6\Tugas Akhir\aplikasi\lunance\backend\venv\Lib\site-packages\pydantic\_internal\_schema_generation_shared.py", line 37, in __call__
    return self.handler(core_schema)
           ^^^^^^^^^^^^^^^^^^^^^^^^^
  File "D:\kuliah\semester 6\Tugas Akhir\aplikasi\lunance\backend\venv\Lib\site-packages\pydantic\json_schema.py", line 495, in handler_func
    json_schema = generate_for_schema_type(schema_or_field)
                  ^^^^^^^^^^^^^^^^^^^^^^^^^^^^^^^^^^^^^^^^^
  File "D:\kuliah\semester 6\Tugas Akhir\aplikasi\lunance\backend\venv\Lib\site-packages\pydantic\json_schema.py", line 1179, in nullable_schema
    inner_json_schema = self.generate_inner(schema['schema'])
                        ^^^^^^^^^^^^^^^^^^^^^^^^^^^^^^^^^^^^^
  File "D:\kuliah\semester 6\Tugas Akhir\aplikasi\lunance\backend\venv\Lib\site-packages\pydantic\json_schema.py", line 563, in generate_inner
    json_schema = current_handler(schema)
                  ^^^^^^^^^^^^^^^^^^^^^^^
  File "D:\kuliah\semester 6\Tugas Akhir\aplikasi\lunance\backend\venv\Lib\site-packages\pydantic\_internal\_schema_generation_shared.py", line 37, in __call__
    return self.handler(core_schema)
           ^^^^^^^^^^^^^^^^^^^^^^^^^
  File "D:\kuliah\semester 6\Tugas Akhir\aplikasi\lunance\backend\venv\Lib\site-packages\pydantic\json_schema.py", line 541, in new_handler_func
    json_schema = js_modify_function(schema_or_field, current_handler)
                  ^^^^^^^^^^^^^^^^^^^^^^^^^^^^^^^^^^^^^^^^^^^^^^^^^^^^
TypeError: PyObjectId.__get_pydantic_json_schema__() takes 2 positional arguments but 3 were given
2025-07-08 10:24:14,503 - app.config.database - INFO - Closing MongoDB connection...
2025-07-08 10:24:14,504 - app.config.database - INFO - MongoDB connection closed.
2025-07-08 10:24:15,970 - app.config.database - INFO - Connecting to MongoDB...
2025-07-08 10:24:15,996 - app.config.database - INFO - Successfully connected to MongoDB!
2025-07-08 10:24:15,997 - app.config.database - INFO - Creating database indexes...
2025-07-08 10:24:16,002 - app.config.database - INFO - Database indexes created successfully!
2025-07-08 10:24:16,023 - app.config.database_indexes - INFO - Creating database indexes...
2025-07-08 10:24:16,027 - app.config.database_indexes - INFO - User indexes created successfully
2025-07-08 10:24:16,031 - app.config.database_indexes - INFO - University indexes created successfully
2025-07-08 10:24:16,035 - app.config.database_indexes - INFO - Category indexes created successfully
2025-07-08 10:24:16,041 - app.config.database_indexes - INFO - Transaction indexes created successfully
2025-07-08 10:24:16,046 - app.config.database_indexes - INFO - Savings target indexes created successfully
2025-07-08 10:24:16,049 - app.config.database_indexes - INFO - University request indexes created successfully
2025-07-08 10:24:16,053 - app.config.database_indexes - INFO - OTP verification indexes created successfully
2025-07-08 10:24:16,053 - app.config.database_indexes - INFO - All database indexes created successfully!
2025-07-08 10:24:24,465 - app.config.database - INFO - Closing MongoDB connection...
2025-07-08 10:24:24,466 - app.config.database - INFO - MongoDB connection closed.
2025-07-08 10:24:25,543 - app.config.database - INFO - Connecting to MongoDB...
2025-07-08 10:24:25,589 - app.config.database - INFO - Successfully connected to MongoDB!
2025-07-08 10:24:25,589 - app.config.database - INFO - Creating database indexes...
2025-07-08 10:24:25,597 - app.config.database - INFO - Database indexes created successfully!
2025-07-08 10:24:25,612 - app.config.database_indexes - INFO - Creating database indexes...
2025-07-08 10:24:25,619 - app.config.database_indexes - INFO - User indexes created successfully
2025-07-08 10:24:25,622 - app.config.database_indexes - INFO - University indexes created successfully
2025-07-08 10:24:25,626 - app.config.database_indexes - INFO - Category indexes created successfully
2025-07-08 10:24:25,632 - app.config.database_indexes - INFO - Transaction indexes created successfully
2025-07-08 10:24:25,637 - app.config.database_indexes - INFO - Savings target indexes created successfully
2025-07-08 10:24:25,640 - app.config.database_indexes - INFO - University request indexes created successfully
2025-07-08 10:24:25,644 - app.config.database_indexes - INFO - OTP verification indexes created successfully
2025-07-08 10:24:25,644 - app.config.database_indexes - INFO - All database indexes created successfully!
2025-07-08 10:25:05,056 - app.config.database - INFO - Closing MongoDB connection...
2025-07-08 10:25:05,057 - app.config.database - INFO - MongoDB connection closed.
2025-07-08 10:25:06,161 - app.config.database - INFO - Connecting to MongoDB...
2025-07-08 10:25:06,192 - app.config.database - INFO - Successfully connected to MongoDB!
2025-07-08 10:25:06,193 - app.config.database - INFO - Creating database indexes...
2025-07-08 10:25:06,201 - app.config.database - INFO - Database indexes created successfully!
2025-07-08 10:25:06,218 - app.config.database_indexes - INFO - Creating database indexes...
2025-07-08 10:25:06,223 - app.config.database_indexes - INFO - User indexes created successfully
2025-07-08 10:25:06,227 - app.config.database_indexes - INFO - University indexes created successfully
2025-07-08 10:25:06,230 - app.config.database_indexes - INFO - Category indexes created successfully
2025-07-08 10:25:06,236 - app.config.database_indexes - INFO - Transaction indexes created successfully
2025-07-08 10:25:06,240 - app.config.database_indexes - INFO - Savings target indexes created successfully
2025-07-08 10:25:06,243 - app.config.database_indexes - INFO - University request indexes created successfully
2025-07-08 10:25:06,247 - app.config.database_indexes - INFO - OTP verification indexes created successfully
2025-07-08 10:25:06,247 - app.config.database_indexes - INFO - All database indexes created successfully!
2025-07-08 10:28:10,301 - app.config.database - INFO - Closing MongoDB connection...
2025-07-08 10:28:10,302 - app.config.database - INFO - MongoDB connection closed.
2025-07-08 10:28:11,327 - app.config.database - INFO - Connecting to MongoDB...
2025-07-08 10:28:11,337 - app.config.database - INFO - Successfully connected to MongoDB!
2025-07-08 10:28:11,337 - app.config.database - INFO - Creating database indexes...
2025-07-08 10:28:11,347 - app.config.database - INFO - Database indexes created successfully!
2025-07-08 10:28:11,368 - app.config.database_indexes - INFO - Creating database indexes...
2025-07-08 10:28:11,374 - app.config.database_indexes - INFO - User indexes created successfully
2025-07-08 10:28:11,377 - app.config.database_indexes - INFO - University indexes created successfully
2025-07-08 10:28:11,380 - app.config.database_indexes - INFO - Category indexes created successfully
2025-07-08 10:28:11,385 - app.config.database_indexes - INFO - Transaction indexes created successfully
2025-07-08 10:28:11,391 - app.config.database_indexes - INFO - Savings target indexes created successfully
2025-07-08 10:28:11,396 - app.config.database_indexes - INFO - University request indexes created successfully
2025-07-08 10:28:11,401 - app.config.database_indexes - INFO - OTP verification indexes created successfully
2025-07-08 10:28:11,402 - app.config.database_indexes - INFO - All database indexes created successfully!
2025-07-08 10:33:10,608 - app.config.database - INFO - Closing MongoDB connection...
2025-07-08 10:33:10,609 - app.config.database - INFO - MongoDB connection closed.
2025-07-08 10:33:12,213 - app.config.database - INFO - Connecting to MongoDB...
2025-07-08 10:33:12,245 - app.config.database - INFO - Successfully connected to MongoDB!
2025-07-08 10:33:12,245 - app.config.database - INFO - Creating database indexes...
2025-07-08 10:33:12,257 - app.config.database - INFO - Database indexes created successfully!
2025-07-08 10:33:12,270 - app.config.database_indexes - INFO - Creating database indexes...
2025-07-08 10:33:12,275 - app.config.database_indexes - INFO - User indexes created successfully
2025-07-08 10:33:12,278 - app.config.database_indexes - INFO - University indexes created successfully
2025-07-08 10:33:12,282 - app.config.database_indexes - INFO - Category indexes created successfully
2025-07-08 10:33:12,289 - app.config.database_indexes - INFO - Transaction indexes created successfully
2025-07-08 10:33:12,296 - app.config.database_indexes - INFO - Savings target indexes created successfully
2025-07-08 10:33:12,301 - app.config.database_indexes - INFO - University request indexes created successfully
2025-07-08 10:33:12,309 - app.config.database_indexes - INFO - OTP verification indexes created successfully
2025-07-08 10:33:12,309 - app.config.database_indexes - INFO - All database indexes created successfully!
2025-07-08 10:34:07,679 - app.config.database - INFO - Closing MongoDB connection...
2025-07-08 10:34:07,682 - app.config.database - INFO - MongoDB connection closed.
2025-07-08 10:34:08,929 - app.config.database - INFO - Connecting to MongoDB...
2025-07-08 10:34:08,976 - app.config.database - INFO - Successfully connected to MongoDB!
2025-07-08 10:34:08,977 - app.config.database - INFO - Creating database indexes...
2025-07-08 10:34:08,990 - app.config.database - INFO - Database indexes created successfully!
2025-07-08 10:34:09,010 - app.config.database_indexes - INFO - Creating database indexes...
2025-07-08 10:34:09,016 - app.config.database_indexes - INFO - User indexes created successfully
2025-07-08 10:34:09,020 - app.config.database_indexes - INFO - University indexes created successfully
2025-07-08 10:34:09,025 - app.config.database_indexes - INFO - Category indexes created successfully
2025-07-08 10:34:09,032 - app.config.database_indexes - INFO - Transaction indexes created successfully
2025-07-08 10:34:09,036 - app.config.database_indexes - INFO - Savings target indexes created successfully
2025-07-08 10:34:09,040 - app.config.database_indexes - INFO - University request indexes created successfully
2025-07-08 10:34:09,044 - app.config.database_indexes - INFO - OTP verification indexes created successfully
2025-07-08 10:34:09,044 - app.config.database_indexes - INFO - All database indexes created successfully!
2025-07-08 10:37:54,424 - app.config.database - INFO - Closing MongoDB connection...
2025-07-08 10:37:54,425 - app.config.database - INFO - MongoDB connection closed.
2025-07-08 11:33:09,290 - app.config.database - INFO - Connecting to MongoDB...
2025-07-08 11:33:09,379 - app.config.database - INFO - Successfully connected to MongoDB!
2025-07-08 11:33:09,379 - app.config.database - INFO - Creating database indexes...
2025-07-08 11:33:09,389 - app.config.database - INFO - Database indexes created successfully!
2025-07-08 11:33:09,414 - app.config.database_indexes - INFO - Creating database indexes...
2025-07-08 11:33:09,421 - app.config.database_indexes - INFO - User indexes created successfully
2025-07-08 11:33:09,424 - app.config.database_indexes - INFO - University indexes created successfully
2025-07-08 11:33:09,429 - app.config.database_indexes - INFO - Category indexes created successfully
2025-07-08 11:33:09,436 - app.config.database_indexes - INFO - Transaction indexes created successfully
2025-07-08 11:33:09,441 - app.config.database_indexes - INFO - Savings target indexes created successfully
2025-07-08 11:33:09,443 - app.config.database_indexes - INFO - University request indexes created successfully
2025-07-08 11:33:09,448 - app.config.database_indexes - INFO - OTP verification indexes created successfully
2025-07-08 11:33:09,448 - app.config.database_indexes - INFO - All database indexes created successfully!
2025-07-08 11:33:15,285 - app.config.database - INFO - Connecting to MongoDB...
2025-07-08 11:33:15,321 - app.config.database - INFO - Successfully connected to MongoDB!
2025-07-08 11:33:15,321 - app.config.database - INFO - Creating database indexes...
2025-07-08 11:33:15,327 - app.config.database - INFO - Database indexes created successfully!
2025-07-08 11:33:15,354 - app.config.database_indexes - INFO - Creating database indexes...
2025-07-08 11:33:15,360 - app.config.database_indexes - INFO - User indexes created successfully
2025-07-08 11:33:15,363 - app.config.database_indexes - INFO - University indexes created successfully
2025-07-08 11:33:15,366 - app.config.database_indexes - INFO - Category indexes created successfully
2025-07-08 11:33:15,372 - app.config.database_indexes - INFO - Transaction indexes created successfully
2025-07-08 11:33:15,376 - app.config.database_indexes - INFO - Savings target indexes created successfully
2025-07-08 11:33:15,379 - app.config.database_indexes - INFO - University request indexes created successfully
2025-07-08 11:33:15,382 - app.config.database_indexes - INFO - OTP verification indexes created successfully
2025-07-08 11:33:15,382 - app.config.database_indexes - INFO - All database indexes created successfully!
2025-07-08 11:34:40,575 - app.config.database - INFO - Connecting to MongoDB...
2025-07-08 11:34:40,588 - app.config.database - INFO - Successfully connected to MongoDB!
2025-07-08 11:34:40,590 - app.config.database - INFO - Creating database indexes...
2025-07-08 11:34:40,606 - app.config.database - INFO - Database indexes created successfully!
2025-07-08 11:34:40,629 - app.config.database_indexes - INFO - Creating database indexes...
2025-07-08 11:34:40,636 - app.config.database_indexes - INFO - User indexes created successfully
2025-07-08 11:34:40,640 - app.config.database_indexes - INFO - University indexes created successfully
2025-07-08 11:34:40,644 - app.config.database_indexes - INFO - Category indexes created successfully
2025-07-08 11:34:40,651 - app.config.database_indexes - INFO - Transaction indexes created successfully
2025-07-08 11:34:40,656 - app.config.database_indexes - INFO - Savings target indexes created successfully
2025-07-08 11:34:40,660 - app.config.database_indexes - INFO - University request indexes created successfully
2025-07-08 11:34:40,663 - app.config.database_indexes - INFO - OTP verification indexes created successfully
2025-07-08 11:34:40,664 - app.config.database_indexes - INFO - All database indexes created successfully!
2025-07-08 11:34:40,777 - app.services.category_service - INFO - Created default global category: Food & Dining
2025-07-08 11:34:40,781 - app.services.category_service - INFO - Created default global category: Transportation
2025-07-08 11:34:40,782 - app.services.category_service - INFO - Created default global category: Education
2025-07-08 11:34:40,783 - app.services.category_service - INFO - Created default global category: Healthcare
2025-07-08 11:34:40,785 - app.services.category_service - INFO - Created default global category: Entertainment
2025-07-08 11:34:40,786 - app.services.category_service - INFO - Created default global category: Shopping
2025-07-08 11:34:40,787 - app.services.category_service - INFO - Created default global category: Bills & Utilities
2025-07-08 11:34:40,789 - app.services.category_service - INFO - Created default global category: Salary & Income
2025-07-08 11:34:40,790 - app.services.category_service - INFO - Created default global category: Freelance
2025-07-08 11:34:40,793 - app.services.category_service - INFO - Created default global category: Investment
2025-07-08 11:34:40,793 - app.services.category_service - INFO - Created 10 default global categories
2025-07-08 11:43:14,400 - app.config.database - INFO - Closing MongoDB connection...
2025-07-08 11:43:14,402 - app.config.database - INFO - MongoDB connection closed.
2025-07-08 11:43:15,604 - app.config.database - INFO - Connecting to MongoDB...
2025-07-08 11:43:15,641 - app.config.database - INFO - Successfully connected to MongoDB!
2025-07-08 11:43:15,642 - app.config.database - INFO - Creating database indexes...
2025-07-08 11:43:15,649 - app.config.database - INFO - Database indexes created successfully!
2025-07-08 11:43:15,676 - app.config.database_indexes - INFO - Creating database indexes...
2025-07-08 11:43:15,680 - app.config.database_indexes - INFO - User indexes created successfully
2025-07-08 11:43:15,683 - app.config.database_indexes - INFO - University indexes created successfully
2025-07-08 11:43:15,687 - app.config.database_indexes - INFO - Category indexes created successfully
2025-07-08 11:43:15,693 - app.config.database_indexes - INFO - Transaction indexes created successfully
2025-07-08 11:43:15,697 - app.config.database_indexes - INFO - Savings target indexes created successfully
2025-07-08 11:43:15,700 - app.config.database_indexes - INFO - University request indexes created successfully
2025-07-08 11:43:15,705 - app.config.database_indexes - INFO - OTP verification indexes created successfully
2025-07-08 11:43:15,705 - app.config.database_indexes - INFO - All database indexes created successfully!
2025-07-08 11:53:14,916 - app.config.database - INFO - Closing MongoDB connection...
2025-07-08 11:53:14,917 - app.config.database - INFO - MongoDB connection closed.
2025-07-08 11:53:16,296 - app.config.database - INFO - Connecting to MongoDB...
2025-07-08 11:53:16,307 - app.config.database - INFO - Successfully connected to MongoDB!
2025-07-08 11:53:16,308 - app.config.database - INFO - Creating database indexes...
2025-07-08 11:53:16,319 - app.config.database - INFO - Database indexes created successfully!
2025-07-08 11:53:16,336 - app.config.database_indexes - INFO - Creating database indexes...
2025-07-08 11:53:16,342 - app.config.database_indexes - INFO - User indexes created successfully
2025-07-08 11:53:16,345 - app.config.database_indexes - INFO - University indexes created successfully
2025-07-08 11:53:16,348 - app.config.database_indexes - INFO - Category indexes created successfully
2025-07-08 11:53:16,353 - app.config.database_indexes - INFO - Transaction indexes created successfully
2025-07-08 11:53:16,358 - app.config.database_indexes - INFO - Savings target indexes created successfully
2025-07-08 11:53:16,362 - app.config.database_indexes - INFO - University request indexes created successfully
2025-07-08 11:53:16,366 - app.config.database_indexes - INFO - OTP verification indexes created successfully
2025-07-08 11:53:16,366 - app.config.database_indexes - INFO - All database indexes created successfully!
2025-07-08 11:58:15,472 - app.config.database - INFO - Closing MongoDB connection...
2025-07-08 11:58:15,473 - app.config.database - INFO - MongoDB connection closed.
2025-07-08 11:58:16,743 - app.config.database - INFO - Connecting to MongoDB...
2025-07-08 11:58:16,769 - app.config.database - INFO - Successfully connected to MongoDB!
2025-07-08 11:58:16,769 - app.config.database - INFO - Creating database indexes...
2025-07-08 11:58:16,776 - app.config.database - INFO - Database indexes created successfully!
2025-07-08 11:58:16,814 - app.config.database_indexes - INFO - Creating database indexes...
2025-07-08 11:58:16,821 - app.config.database_indexes - INFO - User indexes created successfully
2025-07-08 11:58:16,826 - app.config.database_indexes - INFO - University indexes created successfully
2025-07-08 11:58:16,829 - app.config.database_indexes - INFO - Category indexes created successfully
2025-07-08 11:58:16,834 - app.config.database_indexes - INFO - Transaction indexes created successfully
2025-07-08 11:58:16,839 - app.config.database_indexes - INFO - Savings target indexes created successfully
2025-07-08 11:58:16,841 - app.config.database_indexes - INFO - University request indexes created successfully
2025-07-08 11:58:16,844 - app.config.database_indexes - INFO - OTP verification indexes created successfully
2025-07-08 11:58:16,844 - app.config.database_indexes - INFO - All database indexes created successfully!
2025-07-08 12:03:15,969 - app.config.database - INFO - Closing MongoDB connection...
2025-07-08 12:03:15,969 - app.config.database - INFO - MongoDB connection closed.
2025-07-08 12:03:17,227 - app.config.database - INFO - Connecting to MongoDB...
2025-07-08 12:03:17,236 - app.config.database - INFO - Successfully connected to MongoDB!
2025-07-08 12:03:17,236 - app.config.database - INFO - Creating database indexes...
2025-07-08 12:03:17,242 - app.config.database - INFO - Database indexes created successfully!
2025-07-08 12:03:17,263 - app.config.database_indexes - INFO - Creating database indexes...
2025-07-08 12:03:17,268 - app.config.database_indexes - INFO - User indexes created successfully
2025-07-08 12:03:17,271 - app.config.database_indexes - INFO - University indexes created successfully
2025-07-08 12:03:17,275 - app.config.database_indexes - INFO - Category indexes created successfully
2025-07-08 12:03:17,281 - app.config.database_indexes - INFO - Transaction indexes created successfully
2025-07-08 12:03:17,286 - app.config.database_indexes - INFO - Savings target indexes created successfully
2025-07-08 12:03:17,289 - app.config.database_indexes - INFO - University request indexes created successfully
2025-07-08 12:03:17,293 - app.config.database_indexes - INFO - OTP verification indexes created successfully
2025-07-08 12:03:17,293 - app.config.database_indexes - INFO - All database indexes created successfully!
2025-07-08 12:05:31,335 - app.config.database - INFO - Closing MongoDB connection...
2025-07-08 12:05:31,336 - app.config.database - INFO - MongoDB connection closed.
2025-07-08 12:18:58,717 - app.config.database - INFO - Connecting to MongoDB...
2025-07-08 12:18:58,753 - app.config.database - INFO - Successfully connected to MongoDB!
2025-07-08 12:18:58,753 - app.config.database - INFO - Creating database indexes...
2025-07-08 12:18:58,763 - app.config.database - INFO - Database indexes created successfully!
2025-07-08 12:18:58,792 - app.config.database_indexes - INFO - Creating database indexes...
2025-07-08 12:18:58,799 - app.config.database_indexes - INFO - User indexes created successfully
2025-07-08 12:18:58,801 - app.config.database_indexes - INFO - University indexes created successfully
2025-07-08 12:18:58,803 - app.config.database_indexes - INFO - Category indexes created successfully
2025-07-08 12:18:58,809 - app.config.database_indexes - INFO - Transaction indexes created successfully
2025-07-08 12:18:58,815 - app.config.database_indexes - INFO - Savings target indexes created successfully
2025-07-08 12:18:58,818 - app.config.database_indexes - INFO - University request indexes created successfully
2025-07-08 12:18:58,823 - app.config.database_indexes - INFO - OTP verification indexes created successfully
2025-07-08 12:18:58,824 - app.config.database_indexes - INFO - All database indexes created successfully!
2025-07-08 12:23:57,749 - app.config.database - INFO - Closing MongoDB connection...
2025-07-08 12:23:57,751 - app.config.database - INFO - MongoDB connection closed.
2025-07-08 12:37:35,631 - app.config.database - INFO - Connecting to MongoDB...
2025-07-08 12:37:35,666 - app.config.database - INFO - Successfully connected to MongoDB!
2025-07-08 12:37:35,666 - app.config.database - INFO - Creating database indexes...
2025-07-08 12:37:35,674 - app.config.database - INFO - Database indexes created successfully!
2025-07-08 12:37:35,703 - app.config.database_indexes - INFO - Creating database indexes...
2025-07-08 12:37:35,708 - app.config.database_indexes - INFO - User indexes created successfully
2025-07-08 12:37:35,712 - app.config.database_indexes - INFO - University indexes created successfully
2025-07-08 12:37:35,715 - app.config.database_indexes - INFO - Category indexes created successfully
2025-07-08 12:37:35,721 - app.config.database_indexes - INFO - Transaction indexes created successfully
2025-07-08 12:37:35,726 - app.config.database_indexes - INFO - Savings target indexes created successfully
2025-07-08 12:37:35,728 - app.config.database_indexes - INFO - University request indexes created successfully
2025-07-08 12:37:35,733 - app.config.database_indexes - INFO - OTP verification indexes created successfully
2025-07-08 12:37:35,734 - app.config.database_indexes - INFO - All database indexes created successfully!
2025-07-08 12:39:18,714 - app.config.database - INFO - Connecting to MongoDB...
2025-07-08 12:39:18,745 - app.config.database - INFO - Successfully connected to MongoDB!
2025-07-08 12:39:18,745 - app.config.database - INFO - Creating database indexes...
2025-07-08 12:39:18,752 - app.config.database - INFO - Database indexes created successfully!
2025-07-08 12:39:18,771 - app.config.database_indexes - INFO - Creating database indexes...
2025-07-08 12:39:18,777 - app.config.database_indexes - INFO - User indexes created successfully
2025-07-08 12:39:18,780 - app.config.database_indexes - INFO - University indexes created successfully
2025-07-08 12:39:18,784 - app.config.database_indexes - INFO - Category indexes created successfully
2025-07-08 12:39:18,788 - app.config.database_indexes - INFO - Transaction indexes created successfully
2025-07-08 12:39:18,793 - app.config.database_indexes - INFO - Savings target indexes created successfully
2025-07-08 12:39:18,796 - app.config.database_indexes - INFO - University request indexes created successfully
2025-07-08 12:39:18,800 - app.config.database_indexes - INFO - OTP verification indexes created successfully
2025-07-08 12:39:18,801 - app.config.database_indexes - INFO - All database indexes created successfully!
2025-07-08 12:43:18,572 - app.config.database - INFO - Connecting to MongoDB...
2025-07-08 12:43:18,613 - app.config.database - INFO - Successfully connected to MongoDB!
2025-07-08 12:43:18,613 - app.config.database - INFO - Creating database indexes...
2025-07-08 12:43:18,619 - app.config.database - INFO - Database indexes created successfully!
2025-07-08 12:43:18,642 - app.config.database_indexes - INFO - Creating database indexes...
2025-07-08 12:43:18,649 - app.config.database_indexes - INFO - User indexes created successfully
2025-07-08 12:43:18,651 - app.config.database_indexes - INFO - University indexes created successfully
2025-07-08 12:43:18,655 - app.config.database_indexes - INFO - Category indexes created successfully
2025-07-08 12:43:18,661 - app.config.database_indexes - INFO - Transaction indexes created successfully
2025-07-08 12:43:18,665 - app.config.database_indexes - INFO - Savings target indexes created successfully
2025-07-08 12:43:18,670 - app.config.database_indexes - INFO - University request indexes created successfully
2025-07-08 12:43:18,676 - app.config.database_indexes - INFO - OTP verification indexes created successfully
2025-07-08 12:43:18,676 - app.config.database_indexes - INFO - All database indexes created successfully!
2025-07-08 12:44:12,186 - app.config.database - INFO - Connecting to MongoDB...
2025-07-08 12:44:12,211 - app.config.database - INFO - Successfully connected to MongoDB!
2025-07-08 12:44:12,211 - app.config.database - INFO - Creating database indexes...
2025-07-08 12:44:12,219 - app.config.database - INFO - Database indexes created successfully!
2025-07-08 12:44:12,245 - app.config.database_indexes - INFO - Creating database indexes...
2025-07-08 12:44:12,251 - app.config.database_indexes - INFO - User indexes created successfully
2025-07-08 12:44:12,254 - app.config.database_indexes - INFO - University indexes created successfully
2025-07-08 12:44:12,257 - app.config.database_indexes - INFO - Category indexes created successfully
2025-07-08 12:44:12,262 - app.config.database_indexes - INFO - Transaction indexes created successfully
2025-07-08 12:44:12,266 - app.config.database_indexes - INFO - Savings target indexes created successfully
2025-07-08 12:44:12,269 - app.config.database_indexes - INFO - University request indexes created successfully
2025-07-08 12:44:12,273 - app.config.database_indexes - INFO - OTP verification indexes created successfully
2025-07-08 12:44:12,273 - app.config.database_indexes - INFO - All database indexes created successfully!
2025-07-08 12:44:44,496 - app.config.database - INFO - Connecting to MongoDB...
2025-07-08 12:44:44,505 - app.config.database - INFO - Successfully connected to MongoDB!
2025-07-08 12:44:44,506 - app.config.database - INFO - Creating database indexes...
2025-07-08 12:44:44,512 - app.config.database - INFO - Database indexes created successfully!
2025-07-08 12:44:44,526 - app.config.database_indexes - INFO - Creating database indexes...
2025-07-08 12:44:44,532 - app.config.database_indexes - INFO - User indexes created successfully
2025-07-08 12:44:44,535 - app.config.database_indexes - INFO - University indexes created successfully
2025-07-08 12:44:44,537 - app.config.database_indexes - INFO - Category indexes created successfully
2025-07-08 12:44:44,543 - app.config.database_indexes - INFO - Transaction indexes created successfully
2025-07-08 12:44:44,546 - app.config.database_indexes - INFO - Savings target indexes created successfully
2025-07-08 12:44:44,550 - app.config.database_indexes - INFO - University request indexes created successfully
2025-07-08 12:44:44,553 - app.config.database_indexes - INFO - OTP verification indexes created successfully
2025-07-08 12:44:44,554 - app.config.database_indexes - INFO - All database indexes created successfully!
2025-07-08 12:44:57,419 - app.config.database - INFO - Connecting to MongoDB...
2025-07-08 12:44:57,455 - app.config.database - INFO - Successfully connected to MongoDB!
2025-07-08 12:44:57,455 - app.config.database - INFO - Creating database indexes...
2025-07-08 12:44:57,462 - app.config.database - INFO - Database indexes created successfully!
2025-07-08 12:44:57,485 - app.config.database_indexes - INFO - Creating database indexes...
2025-07-08 12:44:57,491 - app.config.database_indexes - INFO - User indexes created successfully
2025-07-08 12:44:57,494 - app.config.database_indexes - INFO - University indexes created successfully
2025-07-08 12:44:57,497 - app.config.database_indexes - INFO - Category indexes created successfully
2025-07-08 12:44:57,504 - app.config.database_indexes - INFO - Transaction indexes created successfully
2025-07-08 12:44:57,508 - app.config.database_indexes - INFO - Savings target indexes created successfully
2025-07-08 12:44:57,512 - app.config.database_indexes - INFO - University request indexes created successfully
2025-07-08 12:44:57,517 - app.config.database_indexes - INFO - OTP verification indexes created successfully
2025-07-08 12:44:57,517 - app.config.database_indexes - INFO - All database indexes created successfully!
2025-07-08 12:45:22,762 - app.config.database - INFO - Connecting to MongoDB...
2025-07-08 12:45:22,805 - app.config.database - INFO - Successfully connected to MongoDB!
2025-07-08 12:45:22,806 - app.config.database - INFO - Creating database indexes...
2025-07-08 12:45:22,812 - app.config.database - INFO - Database indexes created successfully!
2025-07-08 12:45:22,843 - app.config.database_indexes - INFO - Creating database indexes...
2025-07-08 12:45:22,849 - app.config.database_indexes - INFO - User indexes created successfully
2025-07-08 12:45:22,853 - app.config.database_indexes - INFO - University indexes created successfully
2025-07-08 12:45:22,856 - app.config.database_indexes - INFO - Category indexes created successfully
2025-07-08 12:45:22,862 - app.config.database_indexes - INFO - Transaction indexes created successfully
2025-07-08 12:45:22,866 - app.config.database_indexes - INFO - Savings target indexes created successfully
2025-07-08 12:45:22,870 - app.config.database_indexes - INFO - University request indexes created successfully
2025-07-08 12:45:22,875 - app.config.database_indexes - INFO - OTP verification indexes created successfully
2025-07-08 12:45:22,875 - app.config.database_indexes - INFO - All database indexes created successfully!
2025-07-08 12:46:11,042 - app.config.database - INFO - Connecting to MongoDB...
2025-07-08 12:46:11,071 - app.config.database - INFO - Successfully connected to MongoDB!
2025-07-08 12:46:11,071 - app.config.database - INFO - Creating database indexes...
2025-07-08 12:46:11,077 - app.config.database - INFO - Database indexes created successfully!
2025-07-08 12:46:11,090 - app.config.database_indexes - INFO - Creating database indexes...
2025-07-08 12:46:11,096 - app.config.database_indexes - INFO - User indexes created successfully
2025-07-08 12:46:11,099 - app.config.database_indexes - INFO - University indexes created successfully
2025-07-08 12:46:11,102 - app.config.database_indexes - INFO - Category indexes created successfully
2025-07-08 12:46:11,107 - app.config.database_indexes - INFO - Transaction indexes created successfully
2025-07-08 12:46:11,110 - app.config.database_indexes - INFO - Savings target indexes created successfully
2025-07-08 12:46:11,113 - app.config.database_indexes - INFO - University request indexes created successfully
2025-07-08 12:46:11,117 - app.config.database_indexes - INFO - OTP verification indexes created successfully
2025-07-08 12:46:11,117 - app.config.database_indexes - INFO - All database indexes created successfully!
2025-07-08 12:48:26,607 - app.config.database - INFO - Connecting to MongoDB...
2025-07-08 12:48:26,646 - app.config.database - INFO - Successfully connected to MongoDB!
2025-07-08 12:48:26,647 - app.config.database - INFO - Creating database indexes...
2025-07-08 12:48:26,778 - app.config.database - INFO - Database indexes created successfully!
2025-07-08 12:48:26,783 - app.config.database_indexes - INFO - Creating database indexes...
2025-07-08 12:48:26,848 - app.config.database_indexes - INFO - User indexes created successfully
2025-07-08 12:48:26,888 - app.config.database_indexes - INFO - University indexes created successfully
2025-07-08 12:48:26,933 - app.config.database_indexes - INFO - Category indexes created successfully
2025-07-08 12:48:26,994 - app.config.database_indexes - INFO - Transaction indexes created successfully
2025-07-08 12:48:27,055 - app.config.database_indexes - INFO - Savings target indexes created successfully
2025-07-08 12:48:27,101 - app.config.database_indexes - INFO - University request indexes created successfully
2025-07-08 12:48:27,146 - app.config.database_indexes - INFO - OTP verification indexes created successfully
2025-07-08 12:48:27,146 - app.config.database_indexes - INFO - All database indexes created successfully!
2025-07-08 12:48:27,153 - app.core.startup - INFO - Running startup tasks...
2025-07-08 12:48:27,153 - app.core.startup - INFO - Initializing core services...
2025-07-08 12:48:27,154 - app.core.startup - WARNING - Email service initialization failed: 'EmailService' object has no attribute 'verify_smtp_connection'
2025-07-08 12:48:27,154 - app.core.startup - INFO - Core services initialized
2025-07-08 12:48:27,154 - app.core.startup - INFO - Initializing AI services...
2025-07-08 12:48:27,154 - app.core.startup - INFO - Chatbot service initialized
2025-07-08 12:48:27,154 - app.core.startup - INFO - Prophet forecasting library available
2025-07-08 12:48:27,154 - app.core.startup - INFO - Prediction service initialized
2025-07-08 12:48:27,159 - app.core.startup - INFO - Context service initialized
2025-07-08 12:48:27,167 - app.core.startup - INFO - Analytics service initialized
2025-07-08 12:48:27,167 - app.core.startup - INFO - Hugging Face API key configured
2025-07-08 12:48:27,168 - app.core.startup - INFO - AI services initialized
2025-07-08 12:48:27,168 - app.core.startup - INFO - Verifying services health...
2025-07-08 12:48:27,172 - app.core.startup - INFO - Health check: 5/5 services healthy
2025-07-08 12:48:27,172 - app.core.startup - INFO - Creating default data for development...
2025-07-08 12:48:27,183 - app.core.startup - INFO - Created 10 default categories
2025-07-08 12:48:27,410 - app.core.startup - INFO - Demo user created: demo@university.ac.id / DemoPassword123!
2025-07-08 12:48:27,410 - app.core.startup - INFO - Default data created
2025-07-08 12:48:27,410 - app.core.startup - INFO - All startup tasks completed successfully!
2025-07-08 12:58:24,966 - app.config.database - INFO - Closing MongoDB connection...
2025-07-08 12:58:24,967 - app.config.database - INFO - MongoDB connection closed.
2025-07-08 12:58:27,246 - app.config.database - INFO - Connecting to MongoDB...
2025-07-08 12:58:27,256 - app.config.database - INFO - Successfully connected to MongoDB!
2025-07-08 12:58:27,256 - app.config.database - INFO - Creating database indexes...
2025-07-08 12:58:27,262 - app.config.database - INFO - Database indexes created successfully!
2025-07-08 12:58:27,277 - app.config.database_indexes - INFO - Creating database indexes...
2025-07-08 12:58:27,282 - app.config.database_indexes - INFO - User indexes created successfully
2025-07-08 12:58:27,284 - app.config.database_indexes - INFO - University indexes created successfully
2025-07-08 12:58:27,289 - app.config.database_indexes - INFO - Category indexes created successfully
2025-07-08 12:58:27,294 - app.config.database_indexes - INFO - Transaction indexes created successfully
2025-07-08 12:58:27,297 - app.config.database_indexes - INFO - Savings target indexes created successfully
2025-07-08 12:58:27,301 - app.config.database_indexes - INFO - University request indexes created successfully
2025-07-08 12:58:27,305 - app.config.database_indexes - INFO - OTP verification indexes created successfully
2025-07-08 12:58:27,305 - app.config.database_indexes - INFO - All database indexes created successfully!
2025-07-08 12:58:27,309 - app.core.startup - INFO - Running startup tasks...
2025-07-08 12:58:27,310 - app.core.startup - INFO - Initializing core services...
2025-07-08 12:58:27,310 - app.core.startup - WARNING - Email service initialization failed: 'EmailService' object has no attribute 'verify_smtp_connection'
2025-07-08 12:58:27,310 - app.core.startup - INFO - Core services initialized
2025-07-08 12:58:27,310 - app.core.startup - INFO - Initializing AI services...
2025-07-08 12:58:27,310 - app.core.startup - INFO - Chatbot service initialized
2025-07-08 12:58:27,310 - app.core.startup - INFO - Prophet forecasting library available
2025-07-08 12:58:27,310 - app.core.startup - INFO - Prediction service initialized
2025-07-08 12:58:27,311 - app.core.startup - INFO - Context service initialized
2025-07-08 12:58:27,312 - app.core.startup - INFO - Analytics service initialized
2025-07-08 12:58:27,313 - app.core.startup - INFO - Hugging Face API key configured
2025-07-08 12:58:27,313 - app.core.startup - INFO - AI services initialized
2025-07-08 12:58:27,313 - app.core.startup - INFO - Verifying services health...
2025-07-08 12:58:27,323 - app.core.startup - INFO - Health check: 5/5 services healthy
2025-07-08 12:58:27,323 - app.core.startup - INFO - Creating default data for development...
2025-07-08 12:58:27,333 - app.core.startup - INFO - 10 global categories already exist
2025-07-08 12:58:27,334 - app.core.startup - INFO - Demo user already exists
2025-07-08 12:58:27,334 - app.core.startup - INFO - Default data created
2025-07-08 12:58:27,334 - app.core.startup - INFO - All startup tasks completed successfully!
2025-07-08 13:03:25,655 - app.config.database - INFO - Closing MongoDB connection...
2025-07-08 13:03:25,655 - app.config.database - INFO - MongoDB connection closed.
2025-07-08 13:03:28,091 - app.config.database - INFO - Connecting to MongoDB...
2025-07-08 13:03:28,113 - app.config.database - INFO - Successfully connected to MongoDB!
2025-07-08 13:03:28,113 - app.config.database - INFO - Creating database indexes...
2025-07-08 13:03:28,119 - app.config.database - INFO - Database indexes created successfully!
2025-07-08 13:03:28,134 - app.config.database_indexes - INFO - Creating database indexes...
2025-07-08 13:03:28,141 - app.config.database_indexes - INFO - User indexes created successfully
2025-07-08 13:03:28,144 - app.config.database_indexes - INFO - University indexes created successfully
2025-07-08 13:03:28,148 - app.config.database_indexes - INFO - Category indexes created successfully
2025-07-08 13:03:28,153 - app.config.database_indexes - INFO - Transaction indexes created successfully
2025-07-08 13:03:28,157 - app.config.database_indexes - INFO - Savings target indexes created successfully
2025-07-08 13:03:28,160 - app.config.database_indexes - INFO - University request indexes created successfully
2025-07-08 13:03:28,163 - app.config.database_indexes - INFO - OTP verification indexes created successfully
2025-07-08 13:03:28,163 - app.config.database_indexes - INFO - All database indexes created successfully!
2025-07-08 13:03:28,168 - app.core.startup - INFO - Running startup tasks...
2025-07-08 13:03:28,168 - app.core.startup - INFO - Initializing core services...
2025-07-08 13:03:28,168 - app.core.startup - WARNING - Email service initialization failed: 'EmailService' object has no attribute 'verify_smtp_connection'
2025-07-08 13:03:28,168 - app.core.startup - INFO - Core services initialized
2025-07-08 13:03:28,168 - app.core.startup - INFO - Initializing AI services...
2025-07-08 13:03:28,168 - app.core.startup - INFO - Chatbot service initialized
2025-07-08 13:03:28,169 - app.core.startup - INFO - Prophet forecasting library available
2025-07-08 13:03:28,169 - app.core.startup - INFO - Prediction service initialized
2025-07-08 13:03:28,169 - app.core.startup - INFO - Context service initialized
2025-07-08 13:03:28,171 - app.core.startup - INFO - Analytics service initialized
2025-07-08 13:03:28,171 - app.core.startup - INFO - Hugging Face API key configured
2025-07-08 13:03:28,171 - app.core.startup - INFO - AI services initialized
2025-07-08 13:03:28,171 - app.core.startup - INFO - Verifying services health...
2025-07-08 13:03:28,183 - app.core.startup - INFO - Health check: 5/5 services healthy
2025-07-08 13:03:28,184 - app.core.startup - INFO - Creating default data for development...
2025-07-08 13:03:28,186 - app.core.startup - INFO - 10 global categories already exist
2025-07-08 13:03:28,188 - app.core.startup - INFO - Demo user already exists
2025-07-08 13:03:28,188 - app.core.startup - INFO - Default data created
2025-07-08 13:03:28,188 - app.core.startup - INFO - All startup tasks completed successfully!
2025-07-08 13:08:26,462 - app.config.database - INFO - Closing MongoDB connection...
2025-07-08 13:08:26,464 - app.config.database - INFO - MongoDB connection closed.
2025-07-08 13:34:23,949 - app.config.database - INFO - Connecting to MongoDB...
2025-07-08 13:34:23,991 - app.config.database - INFO - Successfully connected to MongoDB!
2025-07-08 13:34:23,992 - app.config.database - INFO - Creating database indexes...
2025-07-08 13:34:24,003 - app.config.database - INFO - Database indexes created successfully!
2025-07-08 13:34:24,021 - app.config.database_indexes - INFO - Creating database indexes...
2025-07-08 13:34:24,030 - app.config.database_indexes - INFO - User indexes created successfully
2025-07-08 13:34:24,035 - app.config.database_indexes - INFO - University indexes created successfully
2025-07-08 13:34:24,041 - app.config.database_indexes - INFO - Category indexes created successfully
2025-07-08 13:34:24,049 - app.config.database_indexes - INFO - Transaction indexes created successfully
2025-07-08 13:34:24,055 - app.config.database_indexes - INFO - Savings target indexes created successfully
2025-07-08 13:34:24,058 - app.config.database_indexes - INFO - University request indexes created successfully
2025-07-08 13:34:24,064 - app.config.database_indexes - INFO - OTP verification indexes created successfully
2025-07-08 13:34:24,064 - app.config.database_indexes - INFO - All database indexes created successfully!
2025-07-08 13:34:24,072 - app.core.startup - INFO - Running startup tasks...
2025-07-08 13:34:24,073 - app.core.startup - INFO - Initializing core services...
2025-07-08 13:34:24,073 - app.core.startup - WARNING - Email service initialization failed: 'EmailService' object has no attribute 'verify_smtp_connection'
2025-07-08 13:34:24,073 - app.core.startup - INFO - Core services initialized
2025-07-08 13:34:24,073 - app.core.startup - INFO - Initializing AI services...
2025-07-08 13:34:24,073 - app.core.startup - INFO - Chatbot service initialized
2025-07-08 13:34:24,073 - app.core.startup - INFO - Prophet forecasting library available
2025-07-08 13:34:24,073 - app.core.startup - INFO - Prediction service initialized
2025-07-08 13:34:24,075 - app.core.startup - INFO - Context service initialized
2025-07-08 13:34:24,075 - app.core.startup - INFO - Analytics service initialized
2025-07-08 13:34:24,076 - app.core.startup - INFO - Hugging Face API key configured
2025-07-08 13:34:24,076 - app.core.startup - INFO - AI services initialized
2025-07-08 13:34:24,076 - app.core.startup - INFO - Verifying services health...
2025-07-08 13:34:24,089 - app.core.startup - INFO - Health check: 5/5 services healthy
2025-07-08 13:34:24,090 - app.core.startup - INFO - Creating default data for development...
2025-07-08 13:34:24,091 - app.core.startup - INFO - 10 global categories already exist
2025-07-08 13:34:24,093 - app.core.startup - INFO - Demo user already exists
2025-07-08 13:34:24,093 - app.core.startup - INFO - Default data created
2025-07-08 13:34:24,094 - app.core.startup - INFO - All startup tasks completed successfully!
2025-07-08 13:44:20,117 - app.config.database - INFO - Closing MongoDB connection...
2025-07-08 13:44:20,118 - app.config.database - INFO - MongoDB connection closed.
2025-07-08 13:44:22,747 - app.config.database - INFO - Connecting to MongoDB...
2025-07-08 13:44:22,769 - app.config.database - INFO - Successfully connected to MongoDB!
2025-07-08 13:44:22,769 - app.config.database - INFO - Creating database indexes...
2025-07-08 13:44:22,780 - app.config.database - INFO - Database indexes created successfully!
2025-07-08 13:44:22,801 - app.config.database_indexes - INFO - Creating database indexes...
2025-07-08 13:44:22,810 - app.config.database_indexes - INFO - User indexes created successfully
2025-07-08 13:44:22,815 - app.config.database_indexes - INFO - University indexes created successfully
2025-07-08 13:44:22,822 - app.config.database_indexes - INFO - Category indexes created successfully
2025-07-08 13:44:22,830 - app.config.database_indexes - INFO - Transaction indexes created successfully
2025-07-08 13:44:22,837 - app.config.database_indexes - INFO - Savings target indexes created successfully
2025-07-08 13:44:22,841 - app.config.database_indexes - INFO - University request indexes created successfully
2025-07-08 13:44:22,848 - app.config.database_indexes - INFO - OTP verification indexes created successfully
2025-07-08 13:44:22,848 - app.config.database_indexes - INFO - All database indexes created successfully!
2025-07-08 13:44:22,856 - app.core.startup - INFO - Running startup tasks...
2025-07-08 13:44:22,857 - app.core.startup - INFO - Initializing core services...
2025-07-08 13:44:22,857 - app.core.startup - WARNING - Email service initialization failed: 'EmailService' object has no attribute 'verify_smtp_connection'
2025-07-08 13:44:22,857 - app.core.startup - INFO - Core services initialized
2025-07-08 13:44:22,857 - app.core.startup - INFO - Initializing AI services...
2025-07-08 13:44:22,857 - app.core.startup - INFO - Chatbot service initialized
2025-07-08 13:44:22,858 - app.core.startup - INFO - Prophet forecasting library available
2025-07-08 13:44:22,858 - app.core.startup - INFO - Prediction service initialized
2025-07-08 13:44:22,859 - app.core.startup - INFO - Context service initialized
2025-07-08 13:44:22,860 - app.core.startup - INFO - Analytics service initialized
2025-07-08 13:44:22,860 - app.core.startup - INFO - Hugging Face API key configured
2025-07-08 13:44:22,860 - app.core.startup - INFO - AI services initialized
2025-07-08 13:44:22,860 - app.core.startup - INFO - Verifying services health...
2025-07-08 13:44:22,871 - app.core.startup - INFO - Health check: 5/5 services healthy
2025-07-08 13:44:22,871 - app.core.startup - INFO - Creating default data for development...
2025-07-08 13:44:22,873 - app.core.startup - INFO - 10 global categories already exist
2025-07-08 13:44:22,875 - app.core.startup - INFO - Demo user already exists
2025-07-08 13:44:22,875 - app.core.startup - INFO - Default data created
2025-07-08 13:44:22,875 - app.core.startup - INFO - All startup tasks completed successfully!
2025-07-08 13:44:57,298 - app.config.database - INFO - Closing MongoDB connection...
2025-07-08 13:44:57,299 - app.config.database - INFO - MongoDB connection closed.
2025-07-08 13:44:59,174 - app.config.database - INFO - Connecting to MongoDB...
2025-07-08 13:44:59,215 - app.config.database - INFO - Successfully connected to MongoDB!
2025-07-08 13:44:59,215 - app.config.database - INFO - Creating database indexes...
2025-07-08 13:44:59,230 - app.config.database - INFO - Database indexes created successfully!
2025-07-08 13:44:59,253 - app.config.database_indexes - INFO - Creating database indexes...
2025-07-08 13:44:59,265 - app.config.database_indexes - INFO - User indexes created successfully
2025-07-08 13:44:59,272 - app.config.database_indexes - INFO - University indexes created successfully
2025-07-08 13:44:59,282 - app.config.database_indexes - INFO - Category indexes created successfully
2025-07-08 13:44:59,297 - app.config.database_indexes - INFO - Transaction indexes created successfully
2025-07-08 13:44:59,308 - app.config.database_indexes - INFO - Savings target indexes created successfully
2025-07-08 13:44:59,315 - app.config.database_indexes - INFO - University request indexes created successfully
2025-07-08 13:44:59,324 - app.config.database_indexes - INFO - OTP verification indexes created successfully
2025-07-08 13:44:59,324 - app.config.database_indexes - INFO - All database indexes created successfully!
2025-07-08 13:44:59,334 - app.core.startup - INFO - Running startup tasks...
2025-07-08 13:44:59,334 - app.core.startup - INFO - Initializing core services...
2025-07-08 13:44:59,334 - app.core.startup - WARNING - Email service initialization failed: 'EmailService' object has no attribute 'verify_smtp_connection'
2025-07-08 13:44:59,334 - app.core.startup - INFO - Core services initialized
2025-07-08 13:44:59,334 - app.core.startup - INFO - Initializing AI services...
2025-07-08 13:44:59,334 - app.core.startup - INFO - Chatbot service initialized
2025-07-08 13:45:00,159 - prophet.plot - ERROR - Importing plotly failed. Interactive plots will not work.
2025-07-08 13:45:00,161 - app.services.prediction_service - INFO - Prophet forecasting library available
2025-07-08 13:45:00,161 - app.core.startup - INFO - Prophet forecasting library available
2025-07-08 13:45:00,161 - app.core.startup - INFO - Prediction service initialized
2025-07-08 13:45:00,162 - app.core.startup - INFO - Context service initialized
2025-07-08 13:45:00,163 - app.core.startup - INFO - Analytics service initialized
2025-07-08 13:45:00,163 - app.core.startup - INFO - Hugging Face API key configured
2025-07-08 13:45:00,163 - app.core.startup - INFO - AI services initialized
2025-07-08 13:45:00,163 - app.core.startup - INFO - Verifying services health...
2025-07-08 13:45:00,169 - app.core.startup - INFO - Health check: 5/5 services healthy
2025-07-08 13:45:00,170 - app.core.startup - INFO - Creating default data for development...
2025-07-08 13:45:00,171 - app.core.startup - INFO - 10 global categories already exist
2025-07-08 13:45:00,173 - app.core.startup - INFO - Demo user already exists
2025-07-08 13:45:00,173 - app.core.startup - INFO - Default data created
2025-07-08 13:45:00,173 - app.core.startup - INFO - All startup tasks completed successfully!
2025-07-08 13:45:02,620 - app.main - ERROR - Unexpected error: Unable to serialize unknown type: <class 'method'>
Traceback (most recent call last):
  File "D:\kuliah\semester 6\Tugas Akhir\aplikasi\lunance\backend\venv\Lib\site-packages\anyio\streams\memory.py", line 98, in receive
    return self.receive_nowait()
           ^^^^^^^^^^^^^^^^^^^^^
  File "D:\kuliah\semester 6\Tugas Akhir\aplikasi\lunance\backend\venv\Lib\site-packages\anyio\streams\memory.py", line 93, in receive_nowait
    raise WouldBlock
anyio.WouldBlock

During handling of the above exception, another exception occurred:

Traceback (most recent call last):
  File "D:\kuliah\semester 6\Tugas Akhir\aplikasi\lunance\backend\venv\Lib\site-packages\starlette\middleware\base.py", line 78, in call_next
    message = await recv_stream.receive()
              ^^^^^^^^^^^^^^^^^^^^^^^^^^^
  File "D:\kuliah\semester 6\Tugas Akhir\aplikasi\lunance\backend\venv\Lib\site-packages\anyio\streams\memory.py", line 118, in receive
    raise EndOfStream
anyio.EndOfStream

During handling of the above exception, another exception occurred:

Traceback (most recent call last):
  File "D:\kuliah\semester 6\Tugas Akhir\aplikasi\lunance\backend\venv\Lib\site-packages\starlette\middleware\errors.py", line 162, in __call__
    await self.app(scope, receive, _send)
  File "D:\kuliah\semester 6\Tugas Akhir\aplikasi\lunance\backend\venv\Lib\site-packages\starlette\middleware\base.py", line 108, in __call__
    response = await self.dispatch_func(request, call_next)
               ^^^^^^^^^^^^^^^^^^^^^^^^^^^^^^^^^^^^^^^^^^^^
  File "D:\kuliah\semester 6\Tugas Akhir\aplikasi\lunance\backend\app\main.py", line 194, in add_process_time_header
    response = await call_next(request)
               ^^^^^^^^^^^^^^^^^^^^^^^^
  File "D:\kuliah\semester 6\Tugas Akhir\aplikasi\lunance\backend\venv\Lib\site-packages\starlette\middleware\base.py", line 84, in call_next
    raise app_exc
  File "D:\kuliah\semester 6\Tugas Akhir\aplikasi\lunance\backend\venv\Lib\site-packages\starlette\middleware\base.py", line 70, in coro
    await self.app(scope, receive_or_disconnect, send_no_error)
  File "D:\kuliah\semester 6\Tugas Akhir\aplikasi\lunance\backend\venv\Lib\site-packages\starlette\middleware\base.py", line 108, in __call__
    response = await self.dispatch_func(request, call_next)
               ^^^^^^^^^^^^^^^^^^^^^^^^^^^^^^^^^^^^^^^^^^^^
  File "D:\kuliah\semester 6\Tugas Akhir\aplikasi\lunance\backend\app\middleware\auth.py", line 292, in add_security_headers
    response = await call_next(request)
               ^^^^^^^^^^^^^^^^^^^^^^^^
  File "D:\kuliah\semester 6\Tugas Akhir\aplikasi\lunance\backend\venv\Lib\site-packages\starlette\middleware\base.py", line 84, in call_next
    raise app_exc
  File "D:\kuliah\semester 6\Tugas Akhir\aplikasi\lunance\backend\venv\Lib\site-packages\starlette\middleware\base.py", line 70, in coro
    await self.app(scope, receive_or_disconnect, send_no_error)
  File "D:\kuliah\semester 6\Tugas Akhir\aplikasi\lunance\backend\venv\Lib\site-packages\starlette\middleware\cors.py", line 83, in __call__
    await self.app(scope, receive, send)
  File "D:\kuliah\semester 6\Tugas Akhir\aplikasi\lunance\backend\venv\Lib\site-packages\starlette\middleware\exceptions.py", line 79, in __call__
    raise exc
  File "D:\kuliah\semester 6\Tugas Akhir\aplikasi\lunance\backend\venv\Lib\site-packages\starlette\middleware\exceptions.py", line 68, in __call__
    await self.app(scope, receive, sender)
  File "D:\kuliah\semester 6\Tugas Akhir\aplikasi\lunance\backend\venv\Lib\site-packages\fastapi\middleware\asyncexitstack.py", line 20, in __call__
    raise e
  File "D:\kuliah\semester 6\Tugas Akhir\aplikasi\lunance\backend\venv\Lib\site-packages\fastapi\middleware\asyncexitstack.py", line 17, in __call__
    await self.app(scope, receive, send)
  File "D:\kuliah\semester 6\Tugas Akhir\aplikasi\lunance\backend\venv\Lib\site-packages\starlette\routing.py", line 718, in __call__
    await route.handle(scope, receive, send)
  File "D:\kuliah\semester 6\Tugas Akhir\aplikasi\lunance\backend\venv\Lib\site-packages\starlette\routing.py", line 276, in handle
    await self.app(scope, receive, send)
  File "D:\kuliah\semester 6\Tugas Akhir\aplikasi\lunance\backend\venv\Lib\site-packages\starlette\routing.py", line 66, in app
    response = await func(request)
               ^^^^^^^^^^^^^^^^^^^
  File "D:\kuliah\semester 6\Tugas Akhir\aplikasi\lunance\backend\venv\Lib\site-packages\fastapi\applications.py", line 1061, in openapi
    return JSONResponse(self.openapi())
                        ^^^^^^^^^^^^^^
  File "D:\kuliah\semester 6\Tugas Akhir\aplikasi\lunance\backend\venv\Lib\site-packages\fastapi\applications.py", line 1033, in openapi
    self.openapi_schema = get_openapi(
                          ^^^^^^^^^^^^
  File "D:\kuliah\semester 6\Tugas Akhir\aplikasi\lunance\backend\venv\Lib\site-packages\fastapi\openapi\utils.py", line 530, in get_openapi
    return jsonable_encoder(OpenAPI(**output), by_alias=True, exclude_none=True)  # type: ignore
           ^^^^^^^^^^^^^^^^^^^^^^^^^^^^^^^^^^^^^^^^^^^^^^^^^^^^^^^^^^^^^^^^^^^^^
  File "D:\kuliah\semester 6\Tugas Akhir\aplikasi\lunance\backend\venv\Lib\site-packages\fastapi\encoders.py", line 223, in jsonable_encoder
    obj_dict = _model_dump(
               ^^^^^^^^^^^^
  File "D:\kuliah\semester 6\Tugas Akhir\aplikasi\lunance\backend\venv\Lib\site-packages\fastapi\_compat.py", line 177, in _model_dump
    return model.model_dump(mode=mode, **kwargs)
           ^^^^^^^^^^^^^^^^^^^^^^^^^^^^^^^^^^^^^
  File "D:\kuliah\semester 6\Tugas Akhir\aplikasi\lunance\backend\venv\Lib\site-packages\pydantic\main.py", line 463, in model_dump
    return self.__pydantic_serializer__.to_python(
           ^^^^^^^^^^^^^^^^^^^^^^^^^^^^^^^^^^^^^^^
pydantic_core._pydantic_core.PydanticSerializationError: Unable to serialize unknown type: <class 'method'>
2025-07-08 13:45:21,869 - app.config.database - INFO - Closing MongoDB connection...
2025-07-08 13:45:21,870 - app.config.database - INFO - MongoDB connection closed.
2025-07-08 13:45:24,246 - app.config.database - INFO - Connecting to MongoDB...
2025-07-08 13:45:24,288 - app.config.database - INFO - Successfully connected to MongoDB!
2025-07-08 13:45:24,288 - app.config.database - INFO - Creating database indexes...
2025-07-08 13:45:24,296 - app.config.database - INFO - Database indexes created successfully!
2025-07-08 13:45:24,320 - app.config.database_indexes - INFO - Creating database indexes...
2025-07-08 13:45:24,325 - app.config.database_indexes - INFO - User indexes created successfully
2025-07-08 13:45:24,329 - app.config.database_indexes - INFO - University indexes created successfully
2025-07-08 13:45:24,332 - app.config.database_indexes - INFO - Category indexes created successfully
2025-07-08 13:45:24,337 - app.config.database_indexes - INFO - Transaction indexes created successfully
2025-07-08 13:45:24,341 - app.config.database_indexes - INFO - Savings target indexes created successfully
2025-07-08 13:45:24,345 - app.config.database_indexes - INFO - University request indexes created successfully
2025-07-08 13:45:24,348 - app.config.database_indexes - INFO - OTP verification indexes created successfully
2025-07-08 13:45:24,348 - app.config.database_indexes - INFO - All database indexes created successfully!
2025-07-08 13:45:24,354 - app.core.startup - INFO - Running startup tasks...
2025-07-08 13:45:24,355 - app.core.startup - INFO - Initializing core services...
2025-07-08 13:45:24,355 - app.core.startup - WARNING - Email service initialization failed: 'EmailService' object has no attribute 'verify_smtp_connection'
2025-07-08 13:45:24,355 - app.core.startup - INFO - Core services initialized
2025-07-08 13:45:24,355 - app.core.startup - INFO - Initializing AI services...
2025-07-08 13:45:24,355 - app.core.startup - INFO - Chatbot service initialized
2025-07-08 13:45:25,000 - prophet.plot - ERROR - Importing plotly failed. Interactive plots will not work.
2025-07-08 13:45:25,001 - app.services.prediction_service - INFO - Prophet forecasting library available
2025-07-08 13:45:25,001 - app.core.startup - INFO - Prophet forecasting library available
2025-07-08 13:45:25,001 - app.core.startup - INFO - Prediction service initialized
2025-07-08 13:45:25,002 - app.core.startup - INFO - Context service initialized
2025-07-08 13:45:25,003 - app.core.startup - INFO - Analytics service initialized
2025-07-08 13:45:25,003 - app.core.startup - INFO - Hugging Face API key configured
2025-07-08 13:45:25,003 - app.core.startup - INFO - AI services initialized
2025-07-08 13:45:25,003 - app.core.startup - INFO - Verifying services health...
2025-07-08 13:45:25,009 - app.core.startup - INFO - Health check: 5/5 services healthy
2025-07-08 13:45:25,009 - app.core.startup - INFO - Creating default data for development...
2025-07-08 13:45:25,010 - app.core.startup - INFO - 10 global categories already exist
2025-07-08 13:45:25,011 - app.core.startup - INFO - Demo user already exists
2025-07-08 13:45:25,011 - app.core.startup - INFO - Default data created
2025-07-08 13:45:25,012 - app.core.startup - INFO - All startup tasks completed successfully!
2025-07-08 13:45:39,228 - app.main - ERROR - Unexpected error: Unable to serialize unknown type: <class 'method'>
Traceback (most recent call last):
  File "D:\kuliah\semester 6\Tugas Akhir\aplikasi\lunance\backend\venv\Lib\site-packages\anyio\streams\memory.py", line 98, in receive
    return self.receive_nowait()
           ^^^^^^^^^^^^^^^^^^^^^
  File "D:\kuliah\semester 6\Tugas Akhir\aplikasi\lunance\backend\venv\Lib\site-packages\anyio\streams\memory.py", line 93, in receive_nowait
    raise WouldBlock
anyio.WouldBlock

During handling of the above exception, another exception occurred:

Traceback (most recent call last):
  File "D:\kuliah\semester 6\Tugas Akhir\aplikasi\lunance\backend\venv\Lib\site-packages\starlette\middleware\base.py", line 78, in call_next
    message = await recv_stream.receive()
              ^^^^^^^^^^^^^^^^^^^^^^^^^^^
  File "D:\kuliah\semester 6\Tugas Akhir\aplikasi\lunance\backend\venv\Lib\site-packages\anyio\streams\memory.py", line 118, in receive
    raise EndOfStream
anyio.EndOfStream

During handling of the above exception, another exception occurred:

Traceback (most recent call last):
  File "D:\kuliah\semester 6\Tugas Akhir\aplikasi\lunance\backend\venv\Lib\site-packages\starlette\middleware\errors.py", line 162, in __call__
    await self.app(scope, receive, _send)
  File "D:\kuliah\semester 6\Tugas Akhir\aplikasi\lunance\backend\venv\Lib\site-packages\starlette\middleware\base.py", line 108, in __call__
    response = await self.dispatch_func(request, call_next)
               ^^^^^^^^^^^^^^^^^^^^^^^^^^^^^^^^^^^^^^^^^^^^
  File "D:\kuliah\semester 6\Tugas Akhir\aplikasi\lunance\backend\app\main.py", line 194, in add_process_time_header
    response = await call_next(request)
               ^^^^^^^^^^^^^^^^^^^^^^^^
  File "D:\kuliah\semester 6\Tugas Akhir\aplikasi\lunance\backend\venv\Lib\site-packages\starlette\middleware\base.py", line 84, in call_next
    raise app_exc
  File "D:\kuliah\semester 6\Tugas Akhir\aplikasi\lunance\backend\venv\Lib\site-packages\starlette\middleware\base.py", line 70, in coro
    await self.app(scope, receive_or_disconnect, send_no_error)
  File "D:\kuliah\semester 6\Tugas Akhir\aplikasi\lunance\backend\venv\Lib\site-packages\starlette\middleware\base.py", line 108, in __call__
    response = await self.dispatch_func(request, call_next)
               ^^^^^^^^^^^^^^^^^^^^^^^^^^^^^^^^^^^^^^^^^^^^
  File "D:\kuliah\semester 6\Tugas Akhir\aplikasi\lunance\backend\app\middleware\auth.py", line 292, in add_security_headers
    response = await call_next(request)
               ^^^^^^^^^^^^^^^^^^^^^^^^
  File "D:\kuliah\semester 6\Tugas Akhir\aplikasi\lunance\backend\venv\Lib\site-packages\starlette\middleware\base.py", line 84, in call_next
    raise app_exc
  File "D:\kuliah\semester 6\Tugas Akhir\aplikasi\lunance\backend\venv\Lib\site-packages\starlette\middleware\base.py", line 70, in coro
    await self.app(scope, receive_or_disconnect, send_no_error)
  File "D:\kuliah\semester 6\Tugas Akhir\aplikasi\lunance\backend\venv\Lib\site-packages\starlette\middleware\cors.py", line 83, in __call__
    await self.app(scope, receive, send)
  File "D:\kuliah\semester 6\Tugas Akhir\aplikasi\lunance\backend\venv\Lib\site-packages\starlette\middleware\exceptions.py", line 79, in __call__
    raise exc
  File "D:\kuliah\semester 6\Tugas Akhir\aplikasi\lunance\backend\venv\Lib\site-packages\starlette\middleware\exceptions.py", line 68, in __call__
    await self.app(scope, receive, sender)
  File "D:\kuliah\semester 6\Tugas Akhir\aplikasi\lunance\backend\venv\Lib\site-packages\fastapi\middleware\asyncexitstack.py", line 20, in __call__
    raise e
  File "D:\kuliah\semester 6\Tugas Akhir\aplikasi\lunance\backend\venv\Lib\site-packages\fastapi\middleware\asyncexitstack.py", line 17, in __call__
    await self.app(scope, receive, send)
  File "D:\kuliah\semester 6\Tugas Akhir\aplikasi\lunance\backend\venv\Lib\site-packages\starlette\routing.py", line 718, in __call__
    await route.handle(scope, receive, send)
  File "D:\kuliah\semester 6\Tugas Akhir\aplikasi\lunance\backend\venv\Lib\site-packages\starlette\routing.py", line 276, in handle
    await self.app(scope, receive, send)
  File "D:\kuliah\semester 6\Tugas Akhir\aplikasi\lunance\backend\venv\Lib\site-packages\starlette\routing.py", line 66, in app
    response = await func(request)
               ^^^^^^^^^^^^^^^^^^^
  File "D:\kuliah\semester 6\Tugas Akhir\aplikasi\lunance\backend\venv\Lib\site-packages\fastapi\applications.py", line 1061, in openapi
    return JSONResponse(self.openapi())
                        ^^^^^^^^^^^^^^
  File "D:\kuliah\semester 6\Tugas Akhir\aplikasi\lunance\backend\venv\Lib\site-packages\fastapi\applications.py", line 1033, in openapi
    self.openapi_schema = get_openapi(
                          ^^^^^^^^^^^^
  File "D:\kuliah\semester 6\Tugas Akhir\aplikasi\lunance\backend\venv\Lib\site-packages\fastapi\openapi\utils.py", line 530, in get_openapi
    return jsonable_encoder(OpenAPI(**output), by_alias=True, exclude_none=True)  # type: ignore
           ^^^^^^^^^^^^^^^^^^^^^^^^^^^^^^^^^^^^^^^^^^^^^^^^^^^^^^^^^^^^^^^^^^^^^
  File "D:\kuliah\semester 6\Tugas Akhir\aplikasi\lunance\backend\venv\Lib\site-packages\fastapi\encoders.py", line 223, in jsonable_encoder
    obj_dict = _model_dump(
               ^^^^^^^^^^^^
  File "D:\kuliah\semester 6\Tugas Akhir\aplikasi\lunance\backend\venv\Lib\site-packages\fastapi\_compat.py", line 177, in _model_dump
    return model.model_dump(mode=mode, **kwargs)
           ^^^^^^^^^^^^^^^^^^^^^^^^^^^^^^^^^^^^^
  File "D:\kuliah\semester 6\Tugas Akhir\aplikasi\lunance\backend\venv\Lib\site-packages\pydantic\main.py", line 463, in model_dump
    return self.__pydantic_serializer__.to_python(
           ^^^^^^^^^^^^^^^^^^^^^^^^^^^^^^^^^^^^^^^
pydantic_core._pydantic_core.PydanticSerializationError: Unable to serialize unknown type: <class 'method'>
2025-07-08 13:55:23,293 - app.config.database - INFO - Closing MongoDB connection...
2025-07-08 13:55:23,293 - app.config.database - INFO - MongoDB connection closed.
2025-07-08 13:55:24,975 - app.config.database - INFO - Connecting to MongoDB...
2025-07-08 13:55:25,010 - app.config.database - INFO - Successfully connected to MongoDB!
2025-07-08 13:55:25,010 - app.config.database - INFO - Creating database indexes...
2025-07-08 13:55:25,020 - app.config.database - INFO - Database indexes created successfully!
2025-07-08 13:55:25,041 - app.config.database_indexes - INFO - Creating database indexes...
2025-07-08 13:55:25,047 - app.config.database_indexes - INFO - User indexes created successfully
2025-07-08 13:55:25,049 - app.config.database_indexes - INFO - University indexes created successfully
2025-07-08 13:55:25,053 - app.config.database_indexes - INFO - Category indexes created successfully
2025-07-08 13:55:25,058 - app.config.database_indexes - INFO - Transaction indexes created successfully
2025-07-08 13:55:25,062 - app.config.database_indexes - INFO - Savings target indexes created successfully
2025-07-08 13:55:25,064 - app.config.database_indexes - INFO - University request indexes created successfully
2025-07-08 13:55:25,067 - app.config.database_indexes - INFO - OTP verification indexes created successfully
2025-07-08 13:55:25,068 - app.config.database_indexes - INFO - All database indexes created successfully!
2025-07-08 13:55:25,074 - app.core.startup - INFO - Running startup tasks...
2025-07-08 13:55:25,074 - app.core.startup - INFO - Initializing core services...
2025-07-08 13:55:25,074 - app.core.startup - WARNING - Email service initialization failed: 'EmailService' object has no attribute 'verify_smtp_connection'
2025-07-08 13:55:25,074 - app.core.startup - INFO - Core services initialized
2025-07-08 13:55:25,074 - app.core.startup - INFO - Initializing AI services...
2025-07-08 13:55:25,074 - app.core.startup - INFO - Chatbot service initialized
2025-07-08 13:55:25,383 - app.core.startup - WARNING - Prediction service not available: cannot import name 'IncomePredictin' from 'app.models.prediction' (D:\kuliah\semester 6\Tugas Akhir\aplikasi\lunance\backend\app\models\prediction.py)
2025-07-08 13:55:25,383 - app.core.startup - INFO - Creating placeholder prediction service...
2025-07-08 13:55:25,383 - app.core.startup - INFO - Financial prediction service will be available when dependencies are installed
2025-07-08 13:55:25,384 - app.core.startup - INFO - Context service initialized
2025-07-08 13:55:25,385 - app.core.startup - INFO - Analytics service initialized
2025-07-08 13:55:25,385 - app.core.startup - INFO - Hugging Face API key configured
2025-07-08 13:55:25,385 - app.core.startup - INFO - AI services initialized
2025-07-08 13:55:25,385 - app.core.startup - INFO - Verifying services health...
2025-07-08 13:55:25,391 - app.core.startup - INFO - Health check: 5/5 services healthy
2025-07-08 13:55:25,391 - app.core.startup - INFO - Creating default data for development...
2025-07-08 13:55:25,392 - app.core.startup - INFO - 10 global categories already exist
2025-07-08 13:55:25,393 - app.core.startup - INFO - Demo user already exists
2025-07-08 13:55:25,393 - app.core.startup - INFO - Default data created
2025-07-08 13:55:25,394 - app.core.startup - INFO - All startup tasks completed successfully!
2025-07-08 14:33:56,520 - app.main - ERROR - Unexpected error: Unable to serialize unknown type: <class 'method'>
Traceback (most recent call last):
  File "D:\kuliah\semester 6\Tugas Akhir\aplikasi\lunance\backend\venv\Lib\site-packages\anyio\streams\memory.py", line 98, in receive
    return self.receive_nowait()
           ^^^^^^^^^^^^^^^^^^^^^
  File "D:\kuliah\semester 6\Tugas Akhir\aplikasi\lunance\backend\venv\Lib\site-packages\anyio\streams\memory.py", line 93, in receive_nowait
    raise WouldBlock
anyio.WouldBlock

During handling of the above exception, another exception occurred:

Traceback (most recent call last):
  File "D:\kuliah\semester 6\Tugas Akhir\aplikasi\lunance\backend\venv\Lib\site-packages\starlette\middleware\base.py", line 78, in call_next
    message = await recv_stream.receive()
              ^^^^^^^^^^^^^^^^^^^^^^^^^^^
  File "D:\kuliah\semester 6\Tugas Akhir\aplikasi\lunance\backend\venv\Lib\site-packages\anyio\streams\memory.py", line 118, in receive
    raise EndOfStream
anyio.EndOfStream

During handling of the above exception, another exception occurred:

Traceback (most recent call last):
  File "D:\kuliah\semester 6\Tugas Akhir\aplikasi\lunance\backend\venv\Lib\site-packages\starlette\middleware\errors.py", line 162, in __call__
    await self.app(scope, receive, _send)
  File "D:\kuliah\semester 6\Tugas Akhir\aplikasi\lunance\backend\venv\Lib\site-packages\starlette\middleware\base.py", line 108, in __call__
    response = await self.dispatch_func(request, call_next)
               ^^^^^^^^^^^^^^^^^^^^^^^^^^^^^^^^^^^^^^^^^^^^
  File "D:\kuliah\semester 6\Tugas Akhir\aplikasi\lunance\backend\app\main.py", line 194, in add_process_time_header
    response = await call_next(request)
               ^^^^^^^^^^^^^^^^^^^^^^^^
  File "D:\kuliah\semester 6\Tugas Akhir\aplikasi\lunance\backend\venv\Lib\site-packages\starlette\middleware\base.py", line 84, in call_next
    raise app_exc
  File "D:\kuliah\semester 6\Tugas Akhir\aplikasi\lunance\backend\venv\Lib\site-packages\starlette\middleware\base.py", line 70, in coro
    await self.app(scope, receive_or_disconnect, send_no_error)
  File "D:\kuliah\semester 6\Tugas Akhir\aplikasi\lunance\backend\venv\Lib\site-packages\starlette\middleware\base.py", line 108, in __call__
    response = await self.dispatch_func(request, call_next)
               ^^^^^^^^^^^^^^^^^^^^^^^^^^^^^^^^^^^^^^^^^^^^
  File "D:\kuliah\semester 6\Tugas Akhir\aplikasi\lunance\backend\app\middleware\auth.py", line 292, in add_security_headers
    response = await call_next(request)
               ^^^^^^^^^^^^^^^^^^^^^^^^
  File "D:\kuliah\semester 6\Tugas Akhir\aplikasi\lunance\backend\venv\Lib\site-packages\starlette\middleware\base.py", line 84, in call_next
    raise app_exc
  File "D:\kuliah\semester 6\Tugas Akhir\aplikasi\lunance\backend\venv\Lib\site-packages\starlette\middleware\base.py", line 70, in coro
    await self.app(scope, receive_or_disconnect, send_no_error)
  File "D:\kuliah\semester 6\Tugas Akhir\aplikasi\lunance\backend\venv\Lib\site-packages\starlette\middleware\cors.py", line 83, in __call__
    await self.app(scope, receive, send)
  File "D:\kuliah\semester 6\Tugas Akhir\aplikasi\lunance\backend\venv\Lib\site-packages\starlette\middleware\exceptions.py", line 79, in __call__
    raise exc
  File "D:\kuliah\semester 6\Tugas Akhir\aplikasi\lunance\backend\venv\Lib\site-packages\starlette\middleware\exceptions.py", line 68, in __call__
    await self.app(scope, receive, sender)
  File "D:\kuliah\semester 6\Tugas Akhir\aplikasi\lunance\backend\venv\Lib\site-packages\fastapi\middleware\asyncexitstack.py", line 20, in __call__
    raise e
  File "D:\kuliah\semester 6\Tugas Akhir\aplikasi\lunance\backend\venv\Lib\site-packages\fastapi\middleware\asyncexitstack.py", line 17, in __call__
    await self.app(scope, receive, send)
  File "D:\kuliah\semester 6\Tugas Akhir\aplikasi\lunance\backend\venv\Lib\site-packages\starlette\routing.py", line 718, in __call__
    await route.handle(scope, receive, send)
  File "D:\kuliah\semester 6\Tugas Akhir\aplikasi\lunance\backend\venv\Lib\site-packages\starlette\routing.py", line 276, in handle
    await self.app(scope, receive, send)
  File "D:\kuliah\semester 6\Tugas Akhir\aplikasi\lunance\backend\venv\Lib\site-packages\starlette\routing.py", line 66, in app
    response = await func(request)
               ^^^^^^^^^^^^^^^^^^^
  File "D:\kuliah\semester 6\Tugas Akhir\aplikasi\lunance\backend\venv\Lib\site-packages\fastapi\applications.py", line 1061, in openapi
    return JSONResponse(self.openapi())
                        ^^^^^^^^^^^^^^
  File "D:\kuliah\semester 6\Tugas Akhir\aplikasi\lunance\backend\venv\Lib\site-packages\fastapi\applications.py", line 1033, in openapi
    self.openapi_schema = get_openapi(
                          ^^^^^^^^^^^^
  File "D:\kuliah\semester 6\Tugas Akhir\aplikasi\lunance\backend\venv\Lib\site-packages\fastapi\openapi\utils.py", line 530, in get_openapi
    return jsonable_encoder(OpenAPI(**output), by_alias=True, exclude_none=True)  # type: ignore
           ^^^^^^^^^^^^^^^^^^^^^^^^^^^^^^^^^^^^^^^^^^^^^^^^^^^^^^^^^^^^^^^^^^^^^
  File "D:\kuliah\semester 6\Tugas Akhir\aplikasi\lunance\backend\venv\Lib\site-packages\fastapi\encoders.py", line 223, in jsonable_encoder
    obj_dict = _model_dump(
               ^^^^^^^^^^^^
  File "D:\kuliah\semester 6\Tugas Akhir\aplikasi\lunance\backend\venv\Lib\site-packages\fastapi\_compat.py", line 177, in _model_dump
    return model.model_dump(mode=mode, **kwargs)
           ^^^^^^^^^^^^^^^^^^^^^^^^^^^^^^^^^^^^^
  File "D:\kuliah\semester 6\Tugas Akhir\aplikasi\lunance\backend\venv\Lib\site-packages\pydantic\main.py", line 463, in model_dump
    return self.__pydantic_serializer__.to_python(
           ^^^^^^^^^^^^^^^^^^^^^^^^^^^^^^^^^^^^^^^
pydantic_core._pydantic_core.PydanticSerializationError: Unable to serialize unknown type: <class 'method'>
2025-07-08 14:34:45,754 - app.config.database - INFO - Closing MongoDB connection...
2025-07-08 14:34:45,756 - app.config.database - INFO - MongoDB connection closed.
2025-07-08 14:34:47,470 - app.config.database - INFO - Connecting to MongoDB...
2025-07-08 14:34:47,501 - app.config.database - INFO - Successfully connected to MongoDB!
2025-07-08 14:34:47,501 - app.config.database - INFO - Creating database indexes...
2025-07-08 14:34:47,507 - app.config.database - INFO - Database indexes created successfully!
2025-07-08 14:34:47,537 - app.config.database_indexes - INFO - Creating database indexes...
2025-07-08 14:34:47,542 - app.config.database_indexes - INFO - User indexes created successfully
2025-07-08 14:34:47,545 - app.config.database_indexes - INFO - University indexes created successfully
2025-07-08 14:34:47,549 - app.config.database_indexes - INFO - Category indexes created successfully
2025-07-08 14:34:47,556 - app.config.database_indexes - INFO - Transaction indexes created successfully
2025-07-08 14:34:47,561 - app.config.database_indexes - INFO - Savings target indexes created successfully
2025-07-08 14:34:47,564 - app.config.database_indexes - INFO - University request indexes created successfully
2025-07-08 14:34:47,569 - app.config.database_indexes - INFO - OTP verification indexes created successfully
2025-07-08 14:34:47,569 - app.config.database_indexes - INFO - All database indexes created successfully!
2025-07-08 14:34:47,576 - app.core.startup - INFO - Running startup tasks...
2025-07-08 14:34:47,576 - app.core.startup - INFO - Initializing core services...
2025-07-08 14:34:47,576 - app.core.startup - WARNING - Email service initialization failed: 'EmailService' object has no attribute 'verify_smtp_connection'
2025-07-08 14:34:47,576 - app.core.startup - INFO - Core services initialized
2025-07-08 14:34:47,576 - app.core.startup - INFO - Initializing AI services...
2025-07-08 14:34:47,576 - app.core.startup - INFO - Chatbot service initialized
2025-07-08 14:34:47,970 - app.core.startup - WARNING - Prediction service not available: cannot import name 'IncomePredictin' from 'app.models.prediction' (D:\kuliah\semester 6\Tugas Akhir\aplikasi\lunance\backend\app\models\prediction.py)
2025-07-08 14:34:47,970 - app.core.startup - INFO - Creating placeholder prediction service...
2025-07-08 14:34:47,970 - app.core.startup - INFO - Financial prediction service will be available when dependencies are installed
2025-07-08 14:34:47,971 - app.core.startup - INFO - Context service initialized
2025-07-08 14:34:47,972 - app.core.startup - INFO - Analytics service initialized
2025-07-08 14:34:47,973 - app.core.startup - INFO - Hugging Face API key configured
2025-07-08 14:34:47,973 - app.core.startup - INFO - AI services initialized
2025-07-08 14:34:47,973 - app.core.startup - INFO - Verifying services health...
2025-07-08 14:34:47,978 - app.core.startup - INFO - Health check: 5/5 services healthy
2025-07-08 14:34:47,979 - app.core.startup - INFO - Creating default data for development...
2025-07-08 14:34:47,980 - app.core.startup - INFO - 10 global categories already exist
2025-07-08 14:34:47,981 - app.core.startup - INFO - Demo user already exists
2025-07-08 14:34:47,981 - app.core.startup - INFO - Default data created
2025-07-08 14:34:47,981 - app.core.startup - INFO - All startup tasks completed successfully!
2025-07-08 14:53:19,242 - app.config.database - INFO - Closing MongoDB connection...
2025-07-08 14:53:19,243 - app.config.database - INFO - MongoDB connection closed.
2025-07-08 14:53:20,822 - app.config.database - INFO - Connecting to MongoDB...
2025-07-08 14:53:20,849 - app.config.database - INFO - Successfully connected to MongoDB!
2025-07-08 14:53:20,849 - app.config.database - INFO - Creating database indexes...
2025-07-08 14:53:20,855 - app.config.database - INFO - Database indexes created successfully!
2025-07-08 14:53:20,877 - app.config.database_indexes - INFO - Creating database indexes...
2025-07-08 14:53:20,883 - app.config.database_indexes - INFO - User indexes created successfully
2025-07-08 14:53:20,886 - app.config.database_indexes - INFO - University indexes created successfully
2025-07-08 14:53:20,889 - app.config.database_indexes - INFO - Category indexes created successfully
2025-07-08 14:53:20,894 - app.config.database_indexes - INFO - Transaction indexes created successfully
2025-07-08 14:53:20,898 - app.config.database_indexes - INFO - Savings target indexes created successfully
2025-07-08 14:53:20,901 - app.config.database_indexes - INFO - University request indexes created successfully
2025-07-08 14:53:20,904 - app.config.database_indexes - INFO - OTP verification indexes created successfully
2025-07-08 14:53:20,904 - app.config.database_indexes - INFO - All database indexes created successfully!
2025-07-08 14:53:20,911 - app.core.startup - INFO - Running startup tasks...
2025-07-08 14:53:20,912 - app.core.startup - INFO - Initializing core services...
2025-07-08 14:53:20,912 - app.core.startup - WARNING - Email service initialization failed: 'EmailService' object has no attribute 'verify_smtp_connection'
2025-07-08 14:53:20,912 - app.core.startup - INFO - Core services initialized
2025-07-08 14:53:20,912 - app.core.startup - INFO - Initializing AI services...
2025-07-08 14:53:20,912 - app.core.startup - INFO - Chatbot service initialized
2025-07-08 14:53:21,257 - app.core.startup - WARNING - Prediction service not available: cannot import name 'IncomePredictin' from 'app.models.prediction' (D:\kuliah\semester 6\Tugas Akhir\aplikasi\lunance\backend\app\models\prediction.py)
2025-07-08 14:53:21,258 - app.core.startup - INFO - Creating placeholder prediction service...
2025-07-08 14:53:21,258 - app.core.startup - INFO - Financial prediction service will be available when dependencies are installed
2025-07-08 14:53:21,259 - app.core.startup - INFO - Context service initialized
2025-07-08 14:53:21,259 - app.core.startup - INFO - Analytics service initialized
2025-07-08 14:53:21,260 - app.core.startup - INFO - Hugging Face API key configured
2025-07-08 14:53:21,260 - app.core.startup - INFO - AI services initialized
2025-07-08 14:53:21,260 - app.core.startup - INFO - Verifying services health...
2025-07-08 14:53:21,267 - app.core.startup - INFO - Health check: 5/5 services healthy
2025-07-08 14:53:21,267 - app.core.startup - INFO - Creating default data for development...
2025-07-08 14:53:21,268 - app.core.startup - INFO - 10 global categories already exist
2025-07-08 14:53:21,269 - app.core.startup - INFO - Demo user already exists
2025-07-08 14:53:21,269 - app.core.startup - INFO - Default data created
2025-07-08 14:53:21,269 - app.core.startup - INFO - All startup tasks completed successfully!
2025-07-08 15:01:34,628 - app.config.database - INFO - Connecting to MongoDB...
2025-07-08 15:01:34,654 - app.config.database - INFO - Successfully connected to MongoDB!
2025-07-08 15:01:34,654 - app.config.database - INFO - Creating database indexes...
2025-07-08 15:01:34,661 - app.config.database - INFO - Database indexes created successfully!
2025-07-08 15:01:34,682 - app.config.database_indexes - INFO - Creating database indexes...
2025-07-08 15:01:34,695 - app.config.database_indexes - INFO - User indexes created successfully
2025-07-08 15:01:34,701 - app.config.database_indexes - INFO - University indexes created successfully
2025-07-08 15:01:34,708 - app.config.database_indexes - INFO - Category indexes created successfully
2025-07-08 15:01:34,717 - app.config.database_indexes - INFO - Transaction indexes created successfully
2025-07-08 15:01:34,726 - app.config.database_indexes - INFO - Savings target indexes created successfully
2025-07-08 15:01:34,731 - app.config.database_indexes - INFO - University request indexes created successfully
2025-07-08 15:01:34,735 - app.config.database_indexes - INFO - OTP verification indexes created successfully
2025-07-08 15:01:34,735 - app.config.database_indexes - INFO - All database indexes created successfully!
2025-07-08 15:01:34,742 - app.core.startup - INFO - Running startup tasks...
2025-07-08 15:01:34,743 - app.core.startup - INFO - Initializing core services...
2025-07-08 15:01:34,743 - app.core.startup - WARNING - Email service initialization failed: 'EmailService' object has no attribute 'verify_smtp_connection'
2025-07-08 15:01:34,743 - app.core.startup - INFO - Core services initialized
2025-07-08 15:01:34,743 - app.core.startup - INFO - Initializing AI services...
2025-07-08 15:01:34,743 - app.core.startup - INFO - Chatbot service initialized
2025-07-08 15:01:35,089 - app.core.startup - WARNING - Prediction service not available: cannot import name 'IncomePredictin' from 'app.models.prediction' (D:\kuliah\semester 6\Tugas Akhir\aplikasi\lunance\backend\app\models\prediction.py)
2025-07-08 15:01:35,089 - app.core.startup - INFO - Creating placeholder prediction service...
2025-07-08 15:01:35,089 - app.core.startup - INFO - Financial prediction service will be available when dependencies are installed
2025-07-08 15:01:35,090 - app.core.startup - INFO - Context service initialized
2025-07-08 15:01:35,091 - app.core.startup - INFO - Analytics service initialized
2025-07-08 15:01:35,091 - app.core.startup - INFO - Hugging Face API key configured
2025-07-08 15:01:35,091 - app.core.startup - INFO - AI services initialized
2025-07-08 15:01:35,092 - app.core.startup - INFO - Verifying services health...
2025-07-08 15:01:35,097 - app.core.startup - INFO - Health check: 5/5 services healthy
2025-07-08 15:01:35,097 - app.core.startup - INFO - Creating default data for development...
2025-07-08 15:01:35,098 - app.core.startup - INFO - 10 global categories already exist
2025-07-08 15:01:35,099 - app.core.startup - INFO - Demo user already exists
2025-07-08 15:01:35,099 - app.core.startup - INFO - Default data created
2025-07-08 15:01:35,099 - app.core.startup - INFO - All startup tasks completed successfully!
2025-07-08 15:03:12,280 - app.api.v1.endpoints.auth - WARNING - Failed login attempt for: admin@lunance.ac.id from IP: 127.0.0.1
2025-07-08 15:05:05,297 - app.services.auth_service - WARNING - Failed login attempt for: demo@university.ac.id
2025-07-08 15:05:05,298 - app.api.v1.endpoints.auth - WARNING - Failed login attempt for: demo@university.ac.id from IP: 127.0.0.1
2025-07-08 15:05:17,415 - app.services.auth_service - WARNING - Failed login attempt for: demo@university.ac.id
2025-07-08 15:05:17,415 - app.api.v1.endpoints.auth - WARNING - Failed login attempt for: demo@university.ac.id from IP: 127.0.0.1
2025-07-08 15:05:59,308 - app.config.database - INFO - Closing MongoDB connection...
2025-07-08 15:05:59,309 - app.config.database - INFO - MongoDB connection closed.
2025-07-08 15:06:27,744 - app.config.database - INFO - Connecting to MongoDB...
2025-07-08 15:06:27,786 - app.config.database - INFO - Successfully connected to MongoDB!
2025-07-08 15:06:27,787 - app.config.database - INFO - Creating database indexes...
2025-07-08 15:06:27,907 - app.config.database - INFO - Database indexes created successfully!
2025-07-08 15:06:28,003 - app.config.database_indexes - INFO - Creating database indexes...
2025-07-08 15:06:28,068 - app.config.database_indexes - INFO - User indexes created successfully
2025-07-08 15:06:28,109 - app.config.database_indexes - INFO - University indexes created successfully
2025-07-08 15:06:28,151 - app.config.database_indexes - INFO - Category indexes created successfully
2025-07-08 15:06:28,209 - app.config.database_indexes - INFO - Transaction indexes created successfully
2025-07-08 15:06:28,267 - app.config.database_indexes - INFO - Savings target indexes created successfully
2025-07-08 15:06:28,309 - app.config.database_indexes - INFO - University request indexes created successfully
2025-07-08 15:06:28,348 - app.config.database_indexes - INFO - OTP verification indexes created successfully
2025-07-08 15:06:28,349 - app.config.database_indexes - INFO - All database indexes created successfully!
2025-07-08 15:06:28,358 - app.core.startup - INFO - Running startup tasks...
2025-07-08 15:06:28,358 - app.core.startup - INFO - Initializing core services...
2025-07-08 15:06:28,358 - app.core.startup - WARNING - Email service initialization failed: 'EmailService' object has no attribute 'verify_smtp_connection'
2025-07-08 15:06:28,358 - app.core.startup - INFO - Core services initialized
2025-07-08 15:06:28,358 - app.core.startup - INFO - Initializing AI services...
2025-07-08 15:06:28,358 - app.core.startup - INFO - Chatbot service initialized
2025-07-08 15:06:28,653 - app.core.startup - WARNING - Prediction service not available: cannot import name 'IncomePredictin' from 'app.models.prediction' (D:\kuliah\semester 6\Tugas Akhir\aplikasi\lunance\backend\app\models\prediction.py)
2025-07-08 15:06:28,654 - app.core.startup - INFO - Creating placeholder prediction service...
2025-07-08 15:06:28,654 - app.core.startup - INFO - Financial prediction service will be available when dependencies are installed
2025-07-08 15:06:28,654 - app.core.startup - INFO - Context service initialized
2025-07-08 15:06:28,655 - app.core.startup - INFO - Analytics service initialized
2025-07-08 15:06:28,655 - app.core.startup - INFO - Hugging Face API key configured
2025-07-08 15:06:28,656 - app.core.startup - INFO - AI services initialized
2025-07-08 15:06:28,656 - app.core.startup - INFO - Verifying services health...
2025-07-08 15:06:28,660 - app.core.startup - INFO - Health check: 5/5 services healthy
2025-07-08 15:06:28,660 - app.core.startup - INFO - Creating default data for development...
2025-07-08 15:06:28,679 - app.core.startup - INFO - Created 10 default categories
2025-07-08 15:06:28,900 - app.core.startup - INFO - Demo user created: demo@university.ac.id / DemoPassword123!
2025-07-08 15:06:28,901 - app.core.startup - INFO - Default data created
2025-07-08 15:06:28,901 - app.core.startup - INFO - All startup tasks completed successfully!
2025-07-08 15:06:30,658 - app.config.database - INFO - Closing MongoDB connection...
2025-07-08 15:06:30,659 - app.config.database - INFO - MongoDB connection closed.
2025-07-08 15:13:06,639 - app.config.database - INFO - Connecting to MongoDB...
2025-07-08 15:13:06,670 - app.config.database - INFO - Successfully connected to MongoDB!
2025-07-08 15:13:06,670 - app.config.database - INFO - Creating database indexes...
2025-07-08 15:13:06,677 - app.config.database - INFO - Database indexes created successfully!
2025-07-08 15:13:06,686 - app.config.database_indexes - INFO - Creating database indexes...
2025-07-08 15:13:06,691 - app.config.database_indexes - INFO - User indexes created successfully
2025-07-08 15:13:06,696 - app.config.database_indexes - INFO - University indexes created successfully
2025-07-08 15:13:06,699 - app.config.database_indexes - INFO - Category indexes created successfully
2025-07-08 15:13:06,706 - app.config.database_indexes - INFO - Transaction indexes created successfully
2025-07-08 15:13:06,710 - app.config.database_indexes - INFO - Savings target indexes created successfully
2025-07-08 15:13:06,713 - app.config.database_indexes - INFO - University request indexes created successfully
2025-07-08 15:13:06,717 - app.config.database_indexes - INFO - OTP verification indexes created successfully
2025-07-08 15:13:06,717 - app.config.database_indexes - INFO - All database indexes created successfully!
2025-07-08 15:13:06,724 - app.core.startup - INFO - Running startup tasks...
2025-07-08 15:13:06,724 - app.core.startup - INFO - Initializing core services...
2025-07-08 15:13:06,725 - app.core.startup - WARNING - Email service initialization failed: 'EmailService' object has no attribute 'verify_smtp_connection'
2025-07-08 15:13:06,725 - app.core.startup - INFO - Core services initialized
2025-07-08 15:13:06,725 - app.core.startup - INFO - Initializing AI services...
2025-07-08 15:13:06,725 - app.core.startup - INFO - Chatbot service initialized
2025-07-08 15:13:07,049 - app.core.startup - WARNING - Prediction service not available: cannot import name 'IncomePredictin' from 'app.models.prediction' (D:\kuliah\semester 6\Tugas Akhir\aplikasi\lunance\backend\app\models\prediction.py)
2025-07-08 15:13:07,049 - app.core.startup - INFO - Creating placeholder prediction service...
2025-07-08 15:13:07,049 - app.core.startup - INFO - Financial prediction service will be available when dependencies are installed
2025-07-08 15:13:07,050 - app.core.startup - INFO - Context service initialized
2025-07-08 15:13:07,051 - app.core.startup - INFO - Analytics service initialized
2025-07-08 15:13:07,051 - app.core.startup - INFO - Hugging Face API key configured
2025-07-08 15:13:07,051 - app.core.startup - INFO - AI services initialized
2025-07-08 15:13:07,051 - app.core.startup - INFO - Verifying services health...
2025-07-08 15:13:07,055 - app.core.startup - INFO - Health check: 5/5 services healthy
2025-07-08 15:13:07,056 - app.core.startup - INFO - Creating default data for development...
2025-07-08 15:13:07,056 - app.core.startup - INFO - 10 global categories already exist
2025-07-08 15:13:07,270 - app.core.startup - ERROR - Error creating demo user: E11000 duplicate key error collection: lunance_db.users index: username_1 dup key: { : null }, full error: {'index': 0, 'code': 11000, 'errmsg': 'E11000 duplicate key error collection: lunance_db.users index: username_1 dup key: { : null }'}
2025-07-08 15:13:07,270 - app.core.startup - INFO - Default data created
2025-07-08 15:13:07,270 - app.core.startup - INFO - All startup tasks completed successfully!
2025-07-08 15:13:13,869 - app.utils.jwt - ERROR - Error creating access token: module 'jwt' has no attribute 'encode'
2025-07-08 15:13:13,870 - app.services.auth_service - ERROR - Login error: Failed to create access token
2025-07-08 15:13:13,871 - app.api.v1.endpoints.auth - WARNING - Failed login attempt for: admin@lunance.ac.id from IP: 127.0.0.1
2025-07-08 15:13:37,640 - app.utils.jwt - ERROR - Error creating access token: module 'jwt' has no attribute 'encode'
2025-07-08 15:13:37,640 - app.services.auth_service - ERROR - Login error: Failed to create access token
2025-07-08 15:13:37,640 - app.api.v1.endpoints.auth - WARNING - Failed login attempt for: admin@lunance.ac.id from IP: 127.0.0.1
2025-07-08 15:14:45,246 - app.config.database - INFO - Closing MongoDB connection...
2025-07-08 15:14:45,247 - app.config.database - INFO - MongoDB connection closed.
2025-07-08 15:14:47,236 - app.config.database - INFO - Connecting to MongoDB...
2025-07-08 15:14:47,245 - app.config.database - INFO - Successfully connected to MongoDB!
2025-07-08 15:14:47,245 - app.config.database - INFO - Creating database indexes...
2025-07-08 15:14:47,254 - app.config.database - INFO - Database indexes created successfully!
2025-07-08 15:14:47,268 - app.config.database_indexes - INFO - Creating database indexes...
2025-07-08 15:14:47,274 - app.config.database_indexes - INFO - User indexes created successfully
2025-07-08 15:14:47,277 - app.config.database_indexes - INFO - University indexes created successfully
2025-07-08 15:14:47,281 - app.config.database_indexes - INFO - Category indexes created successfully
2025-07-08 15:14:47,288 - app.config.database_indexes - INFO - Transaction indexes created successfully
2025-07-08 15:14:47,292 - app.config.database_indexes - INFO - Savings target indexes created successfully
2025-07-08 15:14:47,296 - app.config.database_indexes - INFO - University request indexes created successfully
2025-07-08 15:14:47,300 - app.config.database_indexes - INFO - OTP verification indexes created successfully
2025-07-08 15:14:47,300 - app.config.database_indexes - INFO - All database indexes created successfully!
2025-07-08 15:14:47,307 - app.core.startup - INFO - Running startup tasks...
2025-07-08 15:14:47,307 - app.core.startup - INFO - Initializing core services...
2025-07-08 15:14:47,307 - app.core.startup - WARNING - Email service initialization failed: 'EmailService' object has no attribute 'verify_smtp_connection'
2025-07-08 15:14:47,307 - app.core.startup - INFO - Core services initialized
2025-07-08 15:14:47,308 - app.core.startup - INFO - Initializing AI services...
2025-07-08 15:14:47,308 - app.core.startup - INFO - Chatbot service initialized
2025-07-08 15:14:47,631 - app.core.startup - WARNING - Prediction service not available: cannot import name 'IncomePredictin' from 'app.models.prediction' (D:\kuliah\semester 6\Tugas Akhir\aplikasi\lunance\backend\app\models\prediction.py)
2025-07-08 15:14:47,631 - app.core.startup - INFO - Creating placeholder prediction service...
2025-07-08 15:14:47,631 - app.core.startup - INFO - Financial prediction service will be available when dependencies are installed
2025-07-08 15:14:47,632 - app.core.startup - INFO - Context service initialized
2025-07-08 15:14:47,633 - app.core.startup - INFO - Analytics service initialized
2025-07-08 15:14:47,633 - app.core.startup - INFO - Hugging Face API key configured
2025-07-08 15:14:47,633 - app.core.startup - INFO - AI services initialized
2025-07-08 15:14:47,633 - app.core.startup - INFO - Verifying services health...
2025-07-08 15:14:47,638 - app.core.startup - INFO - Health check: 5/5 services healthy
2025-07-08 15:14:47,638 - app.core.startup - INFO - Creating default data for development...
2025-07-08 15:14:47,639 - app.core.startup - INFO - 10 global categories already exist
2025-07-08 15:14:47,847 - app.core.startup - ERROR - Error creating demo user: E11000 duplicate key error collection: lunance_db.users index: username_1 dup key: { : null }, full error: {'index': 0, 'code': 11000, 'errmsg': 'E11000 duplicate key error collection: lunance_db.users index: username_1 dup key: { : null }'}
2025-07-08 15:14:47,847 - app.core.startup - INFO - Default data created
2025-07-08 15:14:47,848 - app.core.startup - INFO - All startup tasks completed successfully!
2025-07-08 15:16:27,616 - app.config.database - INFO - Closing MongoDB connection...
2025-07-08 15:16:27,617 - app.config.database - INFO - MongoDB connection closed.
2025-07-08 15:16:55,328 - app.config.database - INFO - Connecting to MongoDB...
2025-07-08 15:16:55,377 - app.config.database - INFO - Successfully connected to MongoDB!
2025-07-08 15:16:55,377 - app.config.database - INFO - Creating database indexes...
2025-07-08 15:16:55,384 - app.config.database - INFO - Database indexes created successfully!
2025-07-08 15:16:55,406 - app.config.database_indexes - INFO - Creating database indexes...
2025-07-08 15:16:55,416 - app.config.database_indexes - INFO - User indexes created successfully
2025-07-08 15:16:55,420 - app.config.database_indexes - INFO - University indexes created successfully
2025-07-08 15:16:55,424 - app.config.database_indexes - INFO - Category indexes created successfully
2025-07-08 15:16:55,431 - app.config.database_indexes - INFO - Transaction indexes created successfully
2025-07-08 15:16:55,438 - app.config.database_indexes - INFO - Savings target indexes created successfully
2025-07-08 15:16:55,441 - app.config.database_indexes - INFO - University request indexes created successfully
2025-07-08 15:16:55,445 - app.config.database_indexes - INFO - OTP verification indexes created successfully
2025-07-08 15:16:55,446 - app.config.database_indexes - INFO - All database indexes created successfully!
2025-07-08 15:16:55,453 - app.core.startup - INFO - Running startup tasks...
2025-07-08 15:16:55,453 - app.core.startup - INFO - Initializing core services...
2025-07-08 15:16:55,453 - app.core.startup - WARNING - Email service initialization failed: 'EmailService' object has no attribute 'verify_smtp_connection'
2025-07-08 15:16:55,454 - app.core.startup - INFO - Core services initialized
2025-07-08 15:16:55,454 - app.core.startup - INFO - Initializing AI services...
2025-07-08 15:16:55,454 - app.core.startup - INFO - Chatbot service initialized
2025-07-08 15:16:55,783 - app.core.startup - WARNING - Prediction service not available: cannot import name 'IncomePredictin' from 'app.models.prediction' (D:\kuliah\semester 6\Tugas Akhir\aplikasi\lunance\backend\app\models\prediction.py)
2025-07-08 15:16:55,784 - app.core.startup - INFO - Creating placeholder prediction service...
2025-07-08 15:16:55,784 - app.core.startup - INFO - Financial prediction service will be available when dependencies are installed
2025-07-08 15:16:55,785 - app.core.startup - INFO - Context service initialized
2025-07-08 15:16:55,785 - app.core.startup - INFO - Analytics service initialized
2025-07-08 15:16:55,785 - app.core.startup - INFO - Hugging Face API key configured
2025-07-08 15:16:55,786 - app.core.startup - INFO - AI services initialized
2025-07-08 15:16:55,786 - app.core.startup - INFO - Verifying services health...
2025-07-08 15:16:55,791 - app.core.startup - INFO - Health check: 5/5 services healthy
2025-07-08 15:16:55,791 - app.core.startup - INFO - Creating default data for development...
2025-07-08 15:16:55,792 - app.core.startup - INFO - 10 global categories already exist
2025-07-08 15:16:56,004 - app.core.startup - ERROR - Error creating demo user: E11000 duplicate key error collection: lunance_db.users index: username_1 dup key: { : null }, full error: {'index': 0, 'code': 11000, 'errmsg': 'E11000 duplicate key error collection: lunance_db.users index: username_1 dup key: { : null }'}
2025-07-08 15:16:56,004 - app.core.startup - INFO - Default data created
2025-07-08 15:16:56,004 - app.core.startup - INFO - All startup tasks completed successfully!
2025-07-08 15:18:31,725 - app.config.database - INFO - Connecting to MongoDB...
2025-07-08 15:18:31,750 - app.config.database - INFO - Successfully connected to MongoDB!
2025-07-08 15:18:31,751 - app.config.database - INFO - Creating database indexes...
2025-07-08 15:18:31,758 - app.config.database - INFO - Database indexes created successfully!
2025-07-08 15:18:31,775 - app.config.database_indexes - INFO - Creating database indexes...
2025-07-08 15:18:31,782 - app.config.database_indexes - INFO - User indexes created successfully
2025-07-08 15:18:31,785 - app.config.database_indexes - INFO - University indexes created successfully
2025-07-08 15:18:31,788 - app.config.database_indexes - INFO - Category indexes created successfully
2025-07-08 15:18:31,793 - app.config.database_indexes - INFO - Transaction indexes created successfully
2025-07-08 15:18:31,799 - app.config.database_indexes - INFO - Savings target indexes created successfully
2025-07-08 15:18:31,802 - app.config.database_indexes - INFO - University request indexes created successfully
2025-07-08 15:18:31,806 - app.config.database_indexes - INFO - OTP verification indexes created successfully
2025-07-08 15:18:31,806 - app.config.database_indexes - INFO - All database indexes created successfully!
2025-07-08 15:18:31,814 - app.core.startup - INFO - Running startup tasks...
2025-07-08 15:18:31,814 - app.core.startup - INFO - Initializing core services...
2025-07-08 15:18:31,814 - app.core.startup - WARNING - Email service initialization failed: 'EmailService' object has no attribute 'verify_smtp_connection'
2025-07-08 15:18:31,814 - app.core.startup - INFO - Core services initialized
2025-07-08 15:18:31,814 - app.core.startup - INFO - Initializing AI services...
2025-07-08 15:18:31,814 - app.core.startup - INFO - Chatbot service initialized
2025-07-08 15:18:32,210 - app.core.startup - WARNING - Prediction service not available: cannot import name 'IncomePredictin' from 'app.models.prediction' (D:\kuliah\semester 6\Tugas Akhir\aplikasi\lunance\backend\app\models\prediction.py)
2025-07-08 15:18:32,210 - app.core.startup - INFO - Creating placeholder prediction service...
2025-07-08 15:18:32,210 - app.core.startup - INFO - Financial prediction service will be available when dependencies are installed
2025-07-08 15:18:32,212 - app.core.startup - INFO - Context service initialized
2025-07-08 15:18:32,213 - app.core.startup - INFO - Analytics service initialized
2025-07-08 15:18:32,214 - app.core.startup - INFO - Hugging Face API key configured
2025-07-08 15:18:32,214 - app.core.startup - INFO - AI services initialized
2025-07-08 15:18:32,214 - app.core.startup - INFO - Verifying services health...
2025-07-08 15:18:32,218 - app.core.startup - INFO - Health check: 5/5 services healthy
2025-07-08 15:18:32,219 - app.core.startup - INFO - Creating default data for development...
2025-07-08 15:18:32,220 - app.core.startup - INFO - 10 global categories already exist
2025-07-08 15:18:32,427 - app.core.startup - ERROR - Error creating demo user: E11000 duplicate key error collection: lunance_db.users index: username_1 dup key: { : null }, full error: {'index': 0, 'code': 11000, 'errmsg': 'E11000 duplicate key error collection: lunance_db.users index: username_1 dup key: { : null }'}
2025-07-08 15:18:32,427 - app.core.startup - INFO - Default data created
2025-07-08 15:18:32,427 - app.core.startup - INFO - All startup tasks completed successfully!
2025-07-08 15:18:35,815 - app.config.database - INFO - Closing MongoDB connection...
2025-07-08 15:18:35,816 - app.config.database - INFO - MongoDB connection closed.
2025-07-08 15:18:39,033 - app.config.database - INFO - Connecting to MongoDB...
2025-07-08 15:18:39,063 - app.config.database - INFO - Successfully connected to MongoDB!
2025-07-08 15:18:39,063 - app.config.database - INFO - Creating database indexes...
2025-07-08 15:18:39,073 - app.config.database - INFO - Database indexes created successfully!
2025-07-08 15:18:39,089 - app.config.database_indexes - INFO - Creating database indexes...
2025-07-08 15:18:39,095 - app.config.database_indexes - INFO - User indexes created successfully
2025-07-08 15:18:39,098 - app.config.database_indexes - INFO - University indexes created successfully
2025-07-08 15:18:39,101 - app.config.database_indexes - INFO - Category indexes created successfully
2025-07-08 15:18:39,107 - app.config.database_indexes - INFO - Transaction indexes created successfully
2025-07-08 15:18:39,110 - app.config.database_indexes - INFO - Savings target indexes created successfully
2025-07-08 15:18:39,113 - app.config.database_indexes - INFO - University request indexes created successfully
2025-07-08 15:18:39,118 - app.config.database_indexes - INFO - OTP verification indexes created successfully
2025-07-08 15:18:39,118 - app.config.database_indexes - INFO - All database indexes created successfully!
2025-07-08 15:18:39,124 - app.core.startup - INFO - Running startup tasks...
2025-07-08 15:18:39,124 - app.core.startup - INFO - Initializing core services...
2025-07-08 15:18:39,124 - app.core.startup - WARNING - Email service initialization failed: 'EmailService' object has no attribute 'verify_smtp_connection'
2025-07-08 15:18:39,124 - app.core.startup - INFO - Core services initialized
2025-07-08 15:18:39,124 - app.core.startup - INFO - Initializing AI services...
2025-07-08 15:18:39,124 - app.core.startup - INFO - Chatbot service initialized
2025-07-08 15:18:39,451 - app.core.startup - WARNING - Prediction service not available: cannot import name 'IncomePredictin' from 'app.models.prediction' (D:\kuliah\semester 6\Tugas Akhir\aplikasi\lunance\backend\app\models\prediction.py)
2025-07-08 15:18:39,451 - app.core.startup - INFO - Creating placeholder prediction service...
2025-07-08 15:18:39,451 - app.core.startup - INFO - Financial prediction service will be available when dependencies are installed
2025-07-08 15:18:39,453 - app.core.startup - INFO - Context service initialized
2025-07-08 15:18:39,454 - app.core.startup - INFO - Analytics service initialized
2025-07-08 15:18:39,454 - app.core.startup - INFO - Hugging Face API key configured
2025-07-08 15:18:39,454 - app.core.startup - INFO - AI services initialized
2025-07-08 15:18:39,454 - app.core.startup - INFO - Verifying services health...
2025-07-08 15:18:39,459 - app.core.startup - INFO - Health check: 5/5 services healthy
2025-07-08 15:18:39,459 - app.core.startup - INFO - Creating default data for development...
2025-07-08 15:18:39,462 - app.core.startup - INFO - 10 global categories already exist
2025-07-08 15:18:39,676 - app.core.startup - ERROR - Error creating demo user: E11000 duplicate key error collection: lunance_db.users index: username_1 dup key: { : null }, full error: {'index': 0, 'code': 11000, 'errmsg': 'E11000 duplicate key error collection: lunance_db.users index: username_1 dup key: { : null }'}
2025-07-08 15:18:39,676 - app.core.startup - INFO - Default data created
2025-07-08 15:18:39,676 - app.core.startup - INFO - All startup tasks completed successfully!
2025-07-08 15:28:16,168 - app.config.database - INFO - Closing MongoDB connection...
2025-07-08 15:28:16,168 - app.config.database - INFO - MongoDB connection closed.
2025-07-08 15:28:17,573 - app.config.database - INFO - Connecting to MongoDB...
2025-07-08 15:28:17,584 - app.config.database - INFO - Successfully connected to MongoDB!
2025-07-08 15:28:17,584 - app.config.database - INFO - Creating database indexes...
2025-07-08 15:28:17,589 - app.config.database - INFO - Database indexes created successfully!
2025-07-08 15:28:17,611 - app.config.database_indexes - INFO - Creating database indexes...
2025-07-08 15:28:17,616 - app.config.database_indexes - INFO - User indexes created successfully
2025-07-08 15:28:17,620 - app.config.database_indexes - INFO - University indexes created successfully
2025-07-08 15:28:17,624 - app.config.database_indexes - INFO - Category indexes created successfully
2025-07-08 15:28:17,629 - app.config.database_indexes - INFO - Transaction indexes created successfully
2025-07-08 15:28:17,634 - app.config.database_indexes - INFO - Savings target indexes created successfully
2025-07-08 15:28:17,638 - app.config.database_indexes - INFO - University request indexes created successfully
2025-07-08 15:28:17,644 - app.config.database_indexes - INFO - OTP verification indexes created successfully
2025-07-08 15:28:17,644 - app.config.database_indexes - INFO - All database indexes created successfully!
2025-07-08 15:28:17,652 - app.core.startup - INFO - Running startup tasks...
2025-07-08 15:28:17,653 - app.core.startup - INFO - Initializing core services...
2025-07-08 15:28:17,653 - app.core.startup - WARNING - Email service initialization failed: 'EmailService' object has no attribute 'verify_smtp_connection'
2025-07-08 15:28:17,653 - app.core.startup - INFO - Core services initialized
2025-07-08 15:28:17,653 - app.core.startup - INFO - Initializing AI services...
2025-07-08 15:28:17,653 - app.core.startup - INFO - Chatbot service initialized
2025-07-08 15:28:18,000 - app.core.startup - WARNING - Prediction service not available: cannot import name 'IncomePredictin' from 'app.models.prediction' (D:\kuliah\semester 6\Tugas Akhir\aplikasi\lunance\backend\app\models\prediction.py)
2025-07-08 15:28:18,000 - app.core.startup - INFO - Creating placeholder prediction service...
2025-07-08 15:28:18,000 - app.core.startup - INFO - Financial prediction service will be available when dependencies are installed
2025-07-08 15:28:18,001 - app.core.startup - INFO - Context service initialized
2025-07-08 15:28:18,002 - app.core.startup - INFO - Analytics service initialized
2025-07-08 15:28:18,002 - app.core.startup - INFO - Hugging Face API key configured
2025-07-08 15:28:18,003 - app.core.startup - INFO - AI services initialized
2025-07-08 15:28:18,003 - app.core.startup - INFO - Verifying services health...
2025-07-08 15:28:18,010 - app.core.startup - INFO - Health check: 5/5 services healthy
2025-07-08 15:28:18,010 - app.core.startup - INFO - Creating default data for development...
2025-07-08 15:28:18,012 - app.core.startup - INFO - 10 global categories already exist
2025-07-08 15:28:18,227 - app.core.startup - ERROR - Error creating demo user: E11000 duplicate key error collection: lunance_db.users index: username_1 dup key: { : null }, full error: {'index': 0, 'code': 11000, 'errmsg': 'E11000 duplicate key error collection: lunance_db.users index: username_1 dup key: { : null }'}
2025-07-08 15:28:18,227 - app.core.startup - INFO - Default data created
2025-07-08 15:28:18,227 - app.core.startup - INFO - All startup tasks completed successfully!
2025-07-08 15:28:48,805 - app.config.database - INFO - Closing MongoDB connection...
2025-07-08 15:28:48,805 - app.config.database - INFO - MongoDB connection closed.
2025-07-08 15:29:00,755 - app.config.database - INFO - Connecting to MongoDB...
2025-07-08 15:29:00,782 - app.config.database - INFO - Successfully connected to MongoDB!
2025-07-08 15:29:00,782 - app.config.database - INFO - Creating database indexes...
2025-07-08 15:29:00,789 - app.config.database - INFO - Database indexes created successfully!
2025-07-08 15:29:00,810 - app.config.database_indexes - INFO - Creating database indexes...
2025-07-08 15:29:00,818 - app.config.database_indexes - INFO - User indexes created successfully
2025-07-08 15:29:00,821 - app.config.database_indexes - INFO - University indexes created successfully
2025-07-08 15:29:00,825 - app.config.database_indexes - INFO - Category indexes created successfully
2025-07-08 15:29:00,834 - app.config.database_indexes - INFO - Transaction indexes created successfully
2025-07-08 15:29:00,841 - app.config.database_indexes - INFO - Savings target indexes created successfully
2025-07-08 15:29:00,845 - app.config.database_indexes - INFO - University request indexes created successfully
2025-07-08 15:29:00,849 - app.config.database_indexes - INFO - OTP verification indexes created successfully
2025-07-08 15:29:00,849 - app.config.database_indexes - INFO - All database indexes created successfully!
2025-07-08 15:29:00,858 - app.core.startup - INFO - Running startup tasks...
2025-07-08 15:29:00,858 - app.core.startup - INFO - Initializing core services...
2025-07-08 15:29:00,858 - app.core.startup - WARNING - Email service initialization failed: 'EmailService' object has no attribute 'verify_smtp_connection'
2025-07-08 15:29:00,859 - app.core.startup - INFO - Core services initialized
2025-07-08 15:29:00,859 - app.core.startup - INFO - Initializing AI services...
2025-07-08 15:29:00,859 - app.core.startup - INFO - Chatbot service initialized
2025-07-08 15:29:01,171 - app.core.startup - WARNING - Prediction service not available: cannot import name 'IncomePredictin' from 'app.models.prediction' (D:\kuliah\semester 6\Tugas Akhir\aplikasi\lunance\backend\app\models\prediction.py)
2025-07-08 15:29:01,172 - app.core.startup - INFO - Creating placeholder prediction service...
2025-07-08 15:29:01,172 - app.core.startup - INFO - Financial prediction service will be available when dependencies are installed
2025-07-08 15:29:01,173 - app.core.startup - INFO - Context service initialized
2025-07-08 15:29:01,174 - app.core.startup - INFO - Analytics service initialized
2025-07-08 15:29:01,174 - app.core.startup - INFO - Hugging Face API key configured
2025-07-08 15:29:01,174 - app.core.startup - INFO - AI services initialized
2025-07-08 15:29:01,174 - app.core.startup - INFO - Verifying services health...
2025-07-08 15:29:01,179 - app.core.startup - INFO - Health check: 5/5 services healthy
2025-07-08 15:29:01,179 - app.core.startup - INFO - Creating default data for development...
2025-07-08 15:29:01,181 - app.core.startup - INFO - 10 global categories already exist
2025-07-08 15:29:01,390 - app.core.startup - ERROR - Error creating demo user: E11000 duplicate key error collection: lunance_db.users index: username_1 dup key: { : null }, full error: {'index': 0, 'code': 11000, 'errmsg': 'E11000 duplicate key error collection: lunance_db.users index: username_1 dup key: { : null }'}
2025-07-08 15:29:01,391 - app.core.startup - INFO - Default data created
2025-07-08 15:29:01,391 - app.core.startup - INFO - All startup tasks completed successfully!
2025-07-08 15:29:01,400 - app.main - INFO -    - Local: http://localhost:8000
2025-07-08 15:29:01,400 - app.main - INFO -    - Network: http://192.168.187.195:8000
2025-07-08 15:29:01,400 - app.main - INFO -    - Documentation: http://192.168.187.195:8000/docs
2025-07-08 15:30:10,932 - app.config.database - INFO - Closing MongoDB connection...
2025-07-08 15:30:10,932 - app.config.database - INFO - MongoDB connection closed.
2025-07-08 15:30:14,348 - app.config.database - INFO - Connecting to MongoDB...
2025-07-08 15:30:14,357 - app.config.database - INFO - Successfully connected to MongoDB!
2025-07-08 15:30:14,357 - app.config.database - INFO - Creating database indexes...
2025-07-08 15:30:14,366 - app.config.database - INFO - Database indexes created successfully!
2025-07-08 15:30:14,382 - app.config.database_indexes - INFO - Creating database indexes...
2025-07-08 15:30:14,389 - app.config.database_indexes - INFO - User indexes created successfully
2025-07-08 15:30:14,392 - app.config.database_indexes - INFO - University indexes created successfully
2025-07-08 15:30:14,395 - app.config.database_indexes - INFO - Category indexes created successfully
2025-07-08 15:30:14,401 - app.config.database_indexes - INFO - Transaction indexes created successfully
2025-07-08 15:30:14,406 - app.config.database_indexes - INFO - Savings target indexes created successfully
2025-07-08 15:30:14,410 - app.config.database_indexes - INFO - University request indexes created successfully
2025-07-08 15:30:14,415 - app.config.database_indexes - INFO - OTP verification indexes created successfully
2025-07-08 15:30:14,415 - app.config.database_indexes - INFO - All database indexes created successfully!
2025-07-08 15:30:14,424 - app.core.startup - INFO - Running startup tasks...
2025-07-08 15:30:14,424 - app.core.startup - INFO - Initializing core services...
2025-07-08 15:30:14,424 - app.core.startup - WARNING - Email service initialization failed: 'EmailService' object has no attribute 'verify_smtp_connection'
2025-07-08 15:30:14,424 - app.core.startup - INFO - Core services initialized
2025-07-08 15:30:14,424 - app.core.startup - INFO - Initializing AI services...
2025-07-08 15:30:14,425 - app.core.startup - INFO - Chatbot service initialized
2025-07-08 15:30:14,757 - app.core.startup - WARNING - Prediction service not available: cannot import name 'IncomePredictin' from 'app.models.prediction' (D:\kuliah\semester 6\Tugas Akhir\aplikasi\lunance\backend\app\models\prediction.py)
2025-07-08 15:30:14,757 - app.core.startup - INFO - Creating placeholder prediction service...
2025-07-08 15:30:14,758 - app.core.startup - INFO - Financial prediction service will be available when dependencies are installed
2025-07-08 15:30:14,758 - app.core.startup - INFO - Context service initialized
2025-07-08 15:30:14,759 - app.core.startup - INFO - Analytics service initialized
2025-07-08 15:30:14,759 - app.core.startup - INFO - Hugging Face API key configured
2025-07-08 15:30:14,760 - app.core.startup - INFO - AI services initialized
2025-07-08 15:30:14,760 - app.core.startup - INFO - Verifying services health...
2025-07-08 15:30:14,764 - app.core.startup - INFO - Health check: 5/5 services healthy
2025-07-08 15:30:14,764 - app.core.startup - INFO - Creating default data for development...
2025-07-08 15:30:14,765 - app.core.startup - INFO - 10 global categories already exist
2025-07-08 15:30:14,975 - app.core.startup - ERROR - Error creating demo user: E11000 duplicate key error collection: lunance_db.users index: username_1 dup key: { : null }, full error: {'index': 0, 'code': 11000, 'errmsg': 'E11000 duplicate key error collection: lunance_db.users index: username_1 dup key: { : null }'}
2025-07-08 15:30:14,975 - app.core.startup - INFO - Default data created
2025-07-08 15:30:14,976 - app.core.startup - INFO - All startup tasks completed successfully!
2025-07-08 15:30:14,982 - app.main - INFO -    - Local: http://localhost:8000
2025-07-08 15:30:14,982 - app.main - INFO -    - Network: http://192.168.187.195:8000
2025-07-08 15:30:14,982 - app.main - INFO -    - Documentation: http://192.168.187.195:8000/docs
2025-07-08 15:31:18,052 - app.config.database - INFO - Closing MongoDB connection...
2025-07-08 15:31:18,053 - app.config.database - INFO - MongoDB connection closed.
2025-07-08 15:31:19,587 - app.config.database - INFO - Connecting to MongoDB...
2025-07-08 15:31:19,618 - app.config.database - INFO - Successfully connected to MongoDB!
2025-07-08 15:31:19,618 - app.config.database - INFO - Creating database indexes...
2025-07-08 15:31:19,628 - app.config.database - INFO - Database indexes created successfully!
2025-07-08 15:31:19,655 - app.config.database_indexes - INFO - Creating database indexes...
2025-07-08 15:31:19,660 - app.config.database_indexes - INFO - User indexes created successfully
2025-07-08 15:31:19,663 - app.config.database_indexes - INFO - University indexes created successfully
2025-07-08 15:31:19,666 - app.config.database_indexes - INFO - Category indexes created successfully
2025-07-08 15:31:19,671 - app.config.database_indexes - INFO - Transaction indexes created successfully
2025-07-08 15:31:19,677 - app.config.database_indexes - INFO - Savings target indexes created successfully
2025-07-08 15:31:19,681 - app.config.database_indexes - INFO - University request indexes created successfully
2025-07-08 15:31:19,685 - app.config.database_indexes - INFO - OTP verification indexes created successfully
2025-07-08 15:31:19,685 - app.config.database_indexes - INFO - All database indexes created successfully!
2025-07-08 15:31:19,693 - app.core.startup - INFO - Running startup tasks...
2025-07-08 15:31:19,694 - app.core.startup - INFO - Initializing core services...
2025-07-08 15:31:19,694 - app.core.startup - WARNING - Email service initialization failed: 'EmailService' object has no attribute 'verify_smtp_connection'
2025-07-08 15:31:19,694 - app.core.startup - INFO - Core services initialized
2025-07-08 15:31:19,695 - app.core.startup - INFO - Initializing AI services...
2025-07-08 15:31:19,695 - app.core.startup - INFO - Chatbot service initialized
2025-07-08 15:31:20,020 - app.core.startup - WARNING - Prediction service not available: cannot import name 'IncomePredictin' from 'app.models.prediction' (D:\kuliah\semester 6\Tugas Akhir\aplikasi\lunance\backend\app\models\prediction.py)
2025-07-08 15:31:20,021 - app.core.startup - INFO - Creating placeholder prediction service...
2025-07-08 15:31:20,021 - app.core.startup - INFO - Financial prediction service will be available when dependencies are installed
2025-07-08 15:31:20,022 - app.core.startup - INFO - Context service initialized
2025-07-08 15:31:20,022 - app.core.startup - INFO - Analytics service initialized
2025-07-08 15:31:20,022 - app.core.startup - INFO - Hugging Face API key configured
2025-07-08 15:31:20,022 - app.core.startup - INFO - AI services initialized
2025-07-08 15:31:20,023 - app.core.startup - INFO - Verifying services health...
2025-07-08 15:31:20,027 - app.core.startup - INFO - Health check: 5/5 services healthy
2025-07-08 15:31:20,027 - app.core.startup - INFO - Creating default data for development...
2025-07-08 15:31:20,028 - app.core.startup - INFO - 10 global categories already exist
2025-07-08 15:31:20,238 - app.core.startup - ERROR - Error creating demo user: E11000 duplicate key error collection: lunance_db.users index: username_1 dup key: { : null }, full error: {'index': 0, 'code': 11000, 'errmsg': 'E11000 duplicate key error collection: lunance_db.users index: username_1 dup key: { : null }'}
2025-07-08 15:31:20,238 - app.core.startup - INFO - Default data created
2025-07-08 15:31:20,238 - app.core.startup - INFO - All startup tasks completed successfully!
2025-07-08 15:31:20,243 - app.main - INFO -    - Local: http://localhost:8000
2025-07-08 15:31:20,243 - app.main - INFO -    - Network: http://192.168.187.195:8000
2025-07-08 15:31:20,244 - app.main - INFO -    - Documentation: http://192.168.187.195:8000/docs
2025-07-08 15:31:22,889 - app.config.database - INFO - Connecting to MongoDB...
2025-07-08 15:31:22,922 - app.config.database - INFO - Successfully connected to MongoDB!
2025-07-08 15:31:22,923 - app.config.database - INFO - Creating database indexes...
2025-07-08 15:31:22,930 - app.config.database - INFO - Database indexes created successfully!
2025-07-08 15:31:22,948 - app.config.database_indexes - INFO - Creating database indexes...
2025-07-08 15:31:22,956 - app.config.database_indexes - INFO - User indexes created successfully
2025-07-08 15:31:22,960 - app.config.database_indexes - INFO - University indexes created successfully
2025-07-08 15:31:22,963 - app.config.database_indexes - INFO - Category indexes created successfully
2025-07-08 15:31:22,973 - app.config.database_indexes - INFO - Transaction indexes created successfully
2025-07-08 15:31:22,980 - app.config.database_indexes - INFO - Savings target indexes created successfully
2025-07-08 15:31:22,985 - app.config.database_indexes - INFO - University request indexes created successfully
2025-07-08 15:31:22,990 - app.config.database_indexes - INFO - OTP verification indexes created successfully
2025-07-08 15:31:22,990 - app.config.database_indexes - INFO - All database indexes created successfully!
2025-07-08 15:31:22,998 - app.core.startup - INFO - Running startup tasks...
2025-07-08 15:31:22,999 - app.core.startup - INFO - Initializing core services...
2025-07-08 15:31:22,999 - app.core.startup - WARNING - Email service initialization failed: 'EmailService' object has no attribute 'verify_smtp_connection'
2025-07-08 15:31:22,999 - app.core.startup - INFO - Core services initialized
2025-07-08 15:31:22,999 - app.core.startup - INFO - Initializing AI services...
2025-07-08 15:31:22,999 - app.core.startup - INFO - Chatbot service initialized
2025-07-08 15:31:23,365 - app.core.startup - WARNING - Prediction service not available: cannot import name 'IncomePredictin' from 'app.models.prediction' (D:\kuliah\semester 6\Tugas Akhir\aplikasi\lunance\backend\app\models\prediction.py)
2025-07-08 15:31:23,366 - app.core.startup - INFO - Creating placeholder prediction service...
2025-07-08 15:31:23,366 - app.core.startup - INFO - Financial prediction service will be available when dependencies are installed
2025-07-08 15:31:23,367 - app.core.startup - INFO - Context service initialized
2025-07-08 15:31:23,368 - app.core.startup - INFO - Analytics service initialized
2025-07-08 15:31:23,368 - app.core.startup - INFO - Hugging Face API key configured
2025-07-08 15:31:23,368 - app.core.startup - INFO - AI services initialized
2025-07-08 15:31:23,368 - app.core.startup - INFO - Verifying services health...
2025-07-08 15:31:23,374 - app.core.startup - INFO - Health check: 5/5 services healthy
2025-07-08 15:31:23,374 - app.core.startup - INFO - Creating default data for development...
2025-07-08 15:31:23,375 - app.core.startup - INFO - 10 global categories already exist
2025-07-08 15:31:23,588 - app.core.startup - ERROR - Error creating demo user: E11000 duplicate key error collection: lunance_db.users index: username_1 dup key: { : null }, full error: {'index': 0, 'code': 11000, 'errmsg': 'E11000 duplicate key error collection: lunance_db.users index: username_1 dup key: { : null }'}
2025-07-08 15:31:23,588 - app.core.startup - INFO - Default data created
2025-07-08 15:31:23,588 - app.core.startup - INFO - All startup tasks completed successfully!
2025-07-08 15:31:23,593 - app.main - INFO -    - Local: http://localhost:8000
2025-07-08 15:31:23,593 - app.main - INFO -    - Network: http://192.168.187.195:8000
2025-07-08 15:31:23,594 - app.main - INFO -    - Documentation: http://192.168.187.195:8000/docs
2025-07-08 15:32:13,198 - app.config.database - INFO - Closing MongoDB connection...
2025-07-08 15:32:13,199 - app.config.database - INFO - MongoDB connection closed.
2025-07-08 15:32:44,909 - app.config.database - INFO - Connecting to MongoDB...
2025-07-08 15:32:44,919 - app.config.database - INFO - Successfully connected to MongoDB!
2025-07-08 15:32:44,919 - app.config.database - INFO - Creating database indexes...
2025-07-08 15:32:44,926 - app.config.database - INFO - Database indexes created successfully!
2025-07-08 15:32:44,944 - app.config.database_indexes - INFO - Creating database indexes...
2025-07-08 15:32:44,949 - app.config.database_indexes - INFO - User indexes created successfully
2025-07-08 15:32:44,951 - app.config.database_indexes - INFO - University indexes created successfully
2025-07-08 15:32:44,954 - app.config.database_indexes - INFO - Category indexes created successfully
2025-07-08 15:32:44,959 - app.config.database_indexes - INFO - Transaction indexes created successfully
2025-07-08 15:32:44,963 - app.config.database_indexes - INFO - Savings target indexes created successfully
2025-07-08 15:32:44,967 - app.config.database_indexes - INFO - University request indexes created successfully
2025-07-08 15:32:44,971 - app.config.database_indexes - INFO - OTP verification indexes created successfully
2025-07-08 15:32:44,971 - app.config.database_indexes - INFO - All database indexes created successfully!
2025-07-08 15:32:44,976 - app.core.startup - INFO - Running startup tasks...
2025-07-08 15:32:44,977 - app.core.startup - INFO - Initializing core services...
2025-07-08 15:32:44,978 - app.core.startup - WARNING - Email service initialization failed: 'EmailService' object has no attribute 'verify_smtp_connection'
2025-07-08 15:32:44,978 - app.core.startup - INFO - Core services initialized
2025-07-08 15:32:44,978 - app.core.startup - INFO - Initializing AI services...
2025-07-08 15:32:44,978 - app.core.startup - INFO - Chatbot service initialized
2025-07-08 15:32:45,285 - app.core.startup - WARNING - Prediction service not available: cannot import name 'IncomePredictin' from 'app.models.prediction' (D:\kuliah\semester 6\Tugas Akhir\aplikasi\lunance\backend\app\models\prediction.py)
2025-07-08 15:32:45,285 - app.core.startup - INFO - Creating placeholder prediction service...
2025-07-08 15:32:45,286 - app.core.startup - INFO - Financial prediction service will be available when dependencies are installed
2025-07-08 15:32:45,286 - app.core.startup - INFO - Context service initialized
2025-07-08 15:32:45,287 - app.core.startup - INFO - Analytics service initialized
2025-07-08 15:32:45,287 - app.core.startup - INFO - Hugging Face API key configured
2025-07-08 15:32:45,288 - app.core.startup - INFO - AI services initialized
2025-07-08 15:32:45,288 - app.core.startup - INFO - Verifying services health...
2025-07-08 15:32:45,292 - app.core.startup - INFO - Health check: 5/5 services healthy
2025-07-08 15:32:45,292 - app.core.startup - INFO - Creating default data for development...
2025-07-08 15:32:45,293 - app.core.startup - INFO - 10 global categories already exist
2025-07-08 15:32:45,501 - app.core.startup - ERROR - Error creating demo user: E11000 duplicate key error collection: lunance_db.users index: username_1 dup key: { : null }, full error: {'index': 0, 'code': 11000, 'errmsg': 'E11000 duplicate key error collection: lunance_db.users index: username_1 dup key: { : null }'}
2025-07-08 15:32:45,501 - app.core.startup - INFO - Default data created
2025-07-08 15:32:45,501 - app.core.startup - INFO - All startup tasks completed successfully!
2025-07-08 15:32:45,506 - app.main - INFO -    - Local: http://localhost:8000
2025-07-08 15:32:45,506 - app.main - INFO -    - Network: http://192.168.187.195:8000
2025-07-08 15:32:45,506 - app.main - INFO -    - Documentation: http://192.168.187.195:8000/docs
2025-07-08 15:34:07,519 - app.main - WARNING - HTTP Exception: 404 - Not Found
2025-07-08 15:34:38,312 - app.config.database - INFO - Closing MongoDB connection...
2025-07-08 15:34:38,313 - app.config.database - INFO - MongoDB connection closed.
2025-07-08 15:35:00,894 - app.config.database - INFO - Connecting to MongoDB...
2025-07-08 15:35:00,936 - app.config.database - INFO - Successfully connected to MongoDB!
2025-07-08 15:35:00,937 - app.config.database - INFO - Creating database indexes...
2025-07-08 15:35:00,942 - app.config.database - INFO - Database indexes created successfully!
2025-07-08 15:35:00,967 - app.config.database_indexes - INFO - Creating database indexes...
2025-07-08 15:35:00,973 - app.config.database_indexes - INFO - User indexes created successfully
2025-07-08 15:35:00,977 - app.config.database_indexes - INFO - University indexes created successfully
2025-07-08 15:35:00,980 - app.config.database_indexes - INFO - Category indexes created successfully
2025-07-08 15:35:00,985 - app.config.database_indexes - INFO - Transaction indexes created successfully
2025-07-08 15:35:00,991 - app.config.database_indexes - INFO - Savings target indexes created successfully
2025-07-08 15:35:00,994 - app.config.database_indexes - INFO - University request indexes created successfully
2025-07-08 15:35:00,998 - app.config.database_indexes - INFO - OTP verification indexes created successfully
2025-07-08 15:35:00,998 - app.config.database_indexes - INFO - All database indexes created successfully!
2025-07-08 15:35:01,005 - app.core.startup - INFO - Running startup tasks...
2025-07-08 15:35:01,005 - app.core.startup - INFO - Initializing core services...
2025-07-08 15:35:01,006 - app.core.startup - WARNING - Email service initialization failed: 'EmailService' object has no attribute 'verify_smtp_connection'
2025-07-08 15:35:01,006 - app.core.startup - INFO - Core services initialized
2025-07-08 15:35:01,006 - app.core.startup - INFO - Initializing AI services...
2025-07-08 15:35:01,006 - app.core.startup - INFO - Chatbot service initialized
2025-07-08 15:35:01,312 - app.core.startup - WARNING - Prediction service not available: cannot import name 'IncomePredictin' from 'app.models.prediction' (D:\kuliah\semester 6\Tugas Akhir\aplikasi\lunance\backend\app\models\prediction.py)
2025-07-08 15:35:01,312 - app.core.startup - INFO - Creating placeholder prediction service...
2025-07-08 15:35:01,312 - app.core.startup - INFO - Financial prediction service will be available when dependencies are installed
2025-07-08 15:35:01,313 - app.core.startup - INFO - Context service initialized
2025-07-08 15:35:01,314 - app.core.startup - INFO - Analytics service initialized
2025-07-08 15:35:01,314 - app.core.startup - INFO - Hugging Face API key configured
2025-07-08 15:35:01,314 - app.core.startup - INFO - AI services initialized
2025-07-08 15:35:01,314 - app.core.startup - INFO - Verifying services health...
2025-07-08 15:35:01,319 - app.core.startup - INFO - Health check: 5/5 services healthy
2025-07-08 15:35:01,319 - app.core.startup - INFO - Creating default data for development...
2025-07-08 15:35:01,320 - app.core.startup - INFO - 10 global categories already exist
2025-07-08 15:35:01,528 - app.core.startup - ERROR - Error creating demo user: E11000 duplicate key error collection: lunance_db.users index: username_1 dup key: { : null }, full error: {'index': 0, 'code': 11000, 'errmsg': 'E11000 duplicate key error collection: lunance_db.users index: username_1 dup key: { : null }'}
2025-07-08 15:35:01,528 - app.core.startup - INFO - Default data created
2025-07-08 15:35:01,528 - app.core.startup - INFO - All startup tasks completed successfully!
2025-07-08 15:35:09,381 - app.config.database - INFO - Closing MongoDB connection...
2025-07-08 15:35:09,382 - app.config.database - INFO - MongoDB connection closed.
